[{"useNaturalConf":true,"startTime":"Feb 11, 2021, 12:09:57 PM","endTime":"Feb 11, 2021, 12:10:30 PM","status":"FAIL","level":0,"isLeaf":false,"name":"Login Action","description":"","bddType":"com.aventstack.extentreports.gherkin.model.Feature","infoMap":{},"children":[{"useNaturalConf":true,"startTime":"Feb 11, 2021, 12:09:57 PM","endTime":"Feb 11, 2021, 12:10:14 PM","status":"FAIL","level":1,"isLeaf":false,"name":"Successful Login with Valid Credentials","description":"","bddType":"com.aventstack.extentreports.gherkin.model.Scenario","infoMap":{},"children":[{"useNaturalConf":true,"startTime":"Feb 11, 2021, 12:10:05 PM","endTime":"Feb 11, 2021, 12:10:09 PM","status":"PASS","level":2,"isLeaf":true,"name":"Given User is on Home Page","description":"com.ui.stepdefinitions.LoginPageSteps.user_is_on_home_page()","bddType":"com.aventstack.extentreports.gherkin.model.Given","infoMap":{},"children":[],"logs":[{"timestamp":"Feb 11, 2021, 12:10:09 PM","status":"PASS","details":"","seq":0,"infoMap":{}}],"media":[],"exceptions":[],"authorSet":[],"categorySet":[],"deviceSet":[],"generatedLog":[]},{"useNaturalConf":true,"startTime":"Feb 11, 2021, 12:10:09 PM","endTime":"Feb 11, 2021, 12:10:13 PM","status":"FAIL","level":2,"isLeaf":true,"name":"When User Navigate to Login Page","description":"com.ui.stepdefinitions.LoginPageSteps.user_navigate_to_login_page()","bddType":"com.aventstack.extentreports.gherkin.model.When","infoMap":{},"children":[],"logs":[{"timestamp":"Feb 11, 2021, 12:10:13 PM","status":"FAIL","details":"","seq":0,"infoMap":{},"exception":{"exception":{"extraInfo":{"Driver info":"org.openqa.selenium.chrome.ChromeDriver","Capabilities":"Capabilities {acceptInsecureCerts: false, browserName: chrome, browserVersion: 88.0.4324.150, chrome: {chromedriverVersion: 87.0.4280.88 (89e2380a3e36c..., userDataDir: C:\\Users\\ramba\\AppData\\Loca...}, goog:chromeOptions: {debuggerAddress: localhost:65058}, javascriptEnabled: true, networkConnectionEnabled: false, pageLoadStrategy: normal, platform: WINDOWS, platformName: WINDOWS, proxy: Proxy(), setWindowRect: true, strictFileInteractability: false, timeouts: {implicit: 0, pageLoad: 300000, script: 30000}, unhandledPromptBehavior: dismiss and notify, webauthn:virtualAuthenticators: true}","Session ID":"129375b5a594a3cdc000d3be8e871975"},"detailMessage":"Expected condition failed: waiting for visibility of element located by By.id: user_passwor (tried for 3 second(s) with 500 milliseconds interval)","cause":{"extraInfo":{"Driver info":"org.openqa.selenium.chrome.ChromeDriver","Capabilities":"Capabilities {acceptInsecureCerts: false, browserName: chrome, browserVersion: 88.0.4324.150, chrome: {chromedriverVersion: 87.0.4280.88 (89e2380a3e36c..., userDataDir: C:\\Users\\ramba\\AppData\\Loca...}, goog:chromeOptions: {debuggerAddress: localhost:65058}, javascriptEnabled: true, networkConnectionEnabled: false, pageLoadStrategy: normal, platform: WINDOWS, platformName: WINDOWS, proxy: Proxy(), setWindowRect: true, strictFileInteractability: false, timeouts: {implicit: 0, pageLoad: 300000, script: 30000}, unhandledPromptBehavior: dismiss and notify, webauthn:virtualAuthenticators: true}","Session ID":"129375b5a594a3cdc000d3be8e871975","*** Element info":"{Using\u003did, value\u003duser_passwor}"},"detailMessage":"no such element: Unable to locate element: {\"method\":\"css selector\",\"selector\":\"#user_passwor\"}\n  (Session info: chrome\u003d88.0.4324.150)","stackTrace":[{"moduleName":"java.base","moduleVersion":"11.0.8","declaringClass":"jdk.internal.reflect.NativeConstructorAccessorImpl","methodName":"newInstance0","fileName":"NativeConstructorAccessorImpl.java","lineNumber":-2,"format":2},{"moduleName":"java.base","moduleVersion":"11.0.8","declaringClass":"jdk.internal.reflect.NativeConstructorAccessorImpl","methodName":"newInstance","fileName":"NativeConstructorAccessorImpl.java","lineNumber":62,"format":2},{"moduleName":"java.base","moduleVersion":"11.0.8","declaringClass":"jdk.internal.reflect.DelegatingConstructorAccessorImpl","methodName":"newInstance","fileName":"DelegatingConstructorAccessorImpl.java","lineNumber":45,"format":2},{"moduleName":"java.base","moduleVersion":"11.0.8","declaringClass":"java.lang.reflect.Constructor","methodName":"newInstance","fileName":"Constructor.java","lineNumber":490,"format":2},{"classLoaderName":"app","declaringClass":"org.openqa.selenium.remote.http.W3CHttpResponseCodec","methodName":"createException","fileName":"W3CHttpResponseCodec.java","lineNumber":187,"format":1},{"classLoaderName":"app","declaringClass":"org.openqa.selenium.remote.http.W3CHttpResponseCodec","methodName":"decode","fileName":"W3CHttpResponseCodec.java","lineNumber":122,"format":1},{"classLoaderName":"app","declaringClass":"org.openqa.selenium.remote.http.W3CHttpResponseCodec","methodName":"decode","fileName":"W3CHttpResponseCodec.java","lineNumber":49,"format":1},{"classLoaderName":"app","declaringClass":"org.openqa.selenium.remote.HttpCommandExecutor","methodName":"execute","fileName":"HttpCommandExecutor.java","lineNumber":158,"format":1},{"classLoaderName":"app","declaringClass":"org.openqa.selenium.remote.service.DriverCommandExecutor","methodName":"execute","fileName":"DriverCommandExecutor.java","lineNumber":83,"format":1},{"classLoaderName":"app","declaringClass":"org.openqa.selenium.remote.RemoteWebDriver","methodName":"execute","fileName":"RemoteWebDriver.java","lineNumber":552,"format":1},{"classLoaderName":"app","declaringClass":"org.openqa.selenium.remote.RemoteWebDriver","methodName":"findElement","fileName":"RemoteWebDriver.java","lineNumber":323,"format":1},{"classLoaderName":"app","declaringClass":"org.openqa.selenium.remote.RemoteWebDriver","methodName":"findElementById","fileName":"RemoteWebDriver.java","lineNumber":372,"format":1},{"classLoaderName":"app","declaringClass":"org.openqa.selenium.By$ById","methodName":"findElement","fileName":"By.java","lineNumber":188,"format":1},{"classLoaderName":"app","declaringClass":"org.openqa.selenium.remote.RemoteWebDriver","methodName":"findElement","fileName":"RemoteWebDriver.java","lineNumber":315,"format":1},{"classLoaderName":"app","declaringClass":"org.openqa.selenium.support.ui.ExpectedConditions$7","methodName":"apply","fileName":"ExpectedConditions.java","lineNumber":205,"format":1},{"classLoaderName":"app","declaringClass":"org.openqa.selenium.support.ui.ExpectedConditions$7","methodName":"apply","fileName":"ExpectedConditions.java","lineNumber":201,"format":1},{"classLoaderName":"app","declaringClass":"org.openqa.selenium.support.ui.FluentWait","methodName":"until","fileName":"FluentWait.java","lineNumber":249,"format":1},{"classLoaderName":"app","declaringClass":"com.ui.utils.SeleniumUtils","methodName":"waitForElement","fileName":"SeleniumUtils.java","lineNumber":20,"format":1},{"classLoaderName":"app","declaringClass":"com.ui.pages.LoginPage","methodName":"clickOnLogin","fileName":"LoginPage.java","lineNumber":33,"format":1},{"classLoaderName":"app","declaringClass":"com.ui.stepdefinitions.LoginPageSteps","methodName":"user_navigate_to_login_page","fileName":"LoginPageSteps.java","lineNumber":28,"format":1},{"moduleName":"java.base","moduleVersion":"11.0.8","declaringClass":"jdk.internal.reflect.NativeMethodAccessorImpl","methodName":"invoke0","fileName":"NativeMethodAccessorImpl.java","lineNumber":-2,"format":2},{"moduleName":"java.base","moduleVersion":"11.0.8","declaringClass":"jdk.internal.reflect.NativeMethodAccessorImpl","methodName":"invoke","fileName":"NativeMethodAccessorImpl.java","lineNumber":62,"format":2},{"moduleName":"java.base","moduleVersion":"11.0.8","declaringClass":"jdk.internal.reflect.DelegatingMethodAccessorImpl","methodName":"invoke","fileName":"DelegatingMethodAccessorImpl.java","lineNumber":43,"format":2},{"moduleName":"java.base","moduleVersion":"11.0.8","declaringClass":"java.lang.reflect.Method","methodName":"invoke","fileName":"Method.java","lineNumber":566,"format":2},{"classLoaderName":"app","declaringClass":"io.cucumber.java.Invoker","methodName":"doInvoke","fileName":"Invoker.java","lineNumber":66,"format":1},{"classLoaderName":"app","declaringClass":"io.cucumber.java.Invoker","methodName":"invoke","fileName":"Invoker.java","lineNumber":24,"format":1},{"classLoaderName":"app","declaringClass":"io.cucumber.java.AbstractGlueDefinition","methodName":"invokeMethod","fileName":"AbstractGlueDefinition.java","lineNumber":47,"format":1},{"classLoaderName":"app","declaringClass":"io.cucumber.java.JavaStepDefinition","methodName":"execute","fileName":"JavaStepDefinition.java","lineNumber":29,"format":1},{"classLoaderName":"app","declaringClass":"io.cucumber.core.runner.CoreStepDefinition","methodName":"execute","fileName":"CoreStepDefinition.java","lineNumber":66,"format":1},{"classLoaderName":"app","declaringClass":"io.cucumber.core.runner.PickleStepDefinitionMatch","methodName":"runStep","fileName":"PickleStepDefinitionMatch.java","lineNumber":63,"format":1},{"classLoaderName":"app","declaringClass":"io.cucumber.core.runner.ExecutionMode$1","methodName":"execute","fileName":"ExecutionMode.java","lineNumber":10,"format":1},{"classLoaderName":"app","declaringClass":"io.cucumber.core.runner.TestStep","methodName":"executeStep","fileName":"TestStep.java","lineNumber":92,"format":1},{"classLoaderName":"app","declaringClass":"io.cucumber.core.runner.TestStep","methodName":"run","fileName":"TestStep.java","lineNumber":64,"format":1},{"classLoaderName":"app","declaringClass":"io.cucumber.core.runner.PickleStepTestStep","methodName":"run","fileName":"PickleStepTestStep.java","lineNumber":51,"format":1},{"classLoaderName":"app","declaringClass":"io.cucumber.core.runner.TestCase","methodName":"run","fileName":"TestCase.java","lineNumber":104,"format":1},{"classLoaderName":"app","declaringClass":"io.cucumber.core.runner.Runner","methodName":"runPickle","fileName":"Runner.java","lineNumber":71,"format":1},{"classLoaderName":"app","declaringClass":"io.cucumber.testng.TestNGCucumberRunner","methodName":"lambda$runScenario$0","fileName":"TestNGCucumberRunner.java","lineNumber":116,"format":1},{"classLoaderName":"app","declaringClass":"io.cucumber.core.runtime.CucumberExecutionContext","methodName":"runTestCase","fileName":"CucumberExecutionContext.java","lineNumber":117,"format":1},{"classLoaderName":"app","declaringClass":"io.cucumber.testng.TestNGCucumberRunner","methodName":"runScenario","fileName":"TestNGCucumberRunner.java","lineNumber":113,"format":1},{"classLoaderName":"app","declaringClass":"io.cucumber.testng.AbstractTestNGCucumberTests","methodName":"runScenario","fileName":"AbstractTestNGCucumberTests.java","lineNumber":31,"format":1},{"moduleName":"java.base","moduleVersion":"11.0.8","declaringClass":"jdk.internal.reflect.NativeMethodAccessorImpl","methodName":"invoke0","fileName":"NativeMethodAccessorImpl.java","lineNumber":-2,"format":2},{"moduleName":"java.base","moduleVersion":"11.0.8","declaringClass":"jdk.internal.reflect.NativeMethodAccessorImpl","methodName":"invoke","fileName":"NativeMethodAccessorImpl.java","lineNumber":62,"format":2},{"moduleName":"java.base","moduleVersion":"11.0.8","declaringClass":"jdk.internal.reflect.DelegatingMethodAccessorImpl","methodName":"invoke","fileName":"DelegatingMethodAccessorImpl.java","lineNumber":43,"format":2},{"moduleName":"java.base","moduleVersion":"11.0.8","declaringClass":"java.lang.reflect.Method","methodName":"invoke","fileName":"Method.java","lineNumber":566,"format":2},{"classLoaderName":"app","declaringClass":"org.testng.internal.MethodInvocationHelper","methodName":"invokeMethod","fileName":"MethodInvocationHelper.java","lineNumber":132,"format":1},{"classLoaderName":"app","declaringClass":"org.testng.internal.TestInvoker","methodName":"invokeMethod","fileName":"TestInvoker.java","lineNumber":599,"format":1},{"classLoaderName":"app","declaringClass":"org.testng.internal.TestInvoker","methodName":"invokeTestMethod","fileName":"TestInvoker.java","lineNumber":174,"format":1},{"classLoaderName":"app","declaringClass":"org.testng.internal.MethodRunner","methodName":"runInSequence","fileName":"MethodRunner.java","lineNumber":46,"format":1},{"classLoaderName":"app","declaringClass":"org.testng.internal.TestInvoker$MethodInvocationAgent","methodName":"invoke","fileName":"TestInvoker.java","lineNumber":822,"format":1},{"classLoaderName":"app","declaringClass":"org.testng.internal.TestInvoker","methodName":"invokeTestMethods","fileName":"TestInvoker.java","lineNumber":147,"format":1},{"classLoaderName":"app","declaringClass":"org.testng.internal.TestMethodWorker","methodName":"invokeTestMethods","fileName":"TestMethodWorker.java","lineNumber":146,"format":1},{"classLoaderName":"app","declaringClass":"org.testng.internal.TestMethodWorker","methodName":"run","fileName":"TestMethodWorker.java","lineNumber":128,"format":1},{"moduleName":"java.base","moduleVersion":"11.0.8","declaringClass":"java.util.ArrayList","methodName":"forEach","fileName":"ArrayList.java","lineNumber":1541,"format":2},{"classLoaderName":"app","declaringClass":"org.testng.TestRunner","methodName":"privateRun","fileName":"TestRunner.java","lineNumber":764,"format":1},{"classLoaderName":"app","declaringClass":"org.testng.TestRunner","methodName":"run","fileName":"TestRunner.java","lineNumber":585,"format":1},{"classLoaderName":"app","declaringClass":"org.testng.SuiteRunner","methodName":"runTest","fileName":"SuiteRunner.java","lineNumber":384,"format":1},{"classLoaderName":"app","declaringClass":"org.testng.SuiteRunner","methodName":"runSequentially","fileName":"SuiteRunner.java","lineNumber":378,"format":1},{"classLoaderName":"app","declaringClass":"org.testng.SuiteRunner","methodName":"privateRun","fileName":"SuiteRunner.java","lineNumber":337,"format":1},{"classLoaderName":"app","declaringClass":"org.testng.SuiteRunner","methodName":"run","fileName":"SuiteRunner.java","lineNumber":286,"format":1},{"classLoaderName":"app","declaringClass":"org.testng.SuiteRunnerWorker","methodName":"runSuite","fileName":"SuiteRunnerWorker.java","lineNumber":53,"format":1},{"classLoaderName":"app","declaringClass":"org.testng.SuiteRunnerWorker","methodName":"run","fileName":"SuiteRunnerWorker.java","lineNumber":96,"format":1},{"classLoaderName":"app","declaringClass":"org.testng.TestNG","methodName":"runSuitesSequentially","fileName":"TestNG.java","lineNumber":1218,"format":1},{"classLoaderName":"app","declaringClass":"org.testng.TestNG","methodName":"runSuitesLocally","fileName":"TestNG.java","lineNumber":1140,"format":1},{"classLoaderName":"app","declaringClass":"org.testng.TestNG","methodName":"runSuites","fileName":"TestNG.java","lineNumber":1069,"format":1},{"classLoaderName":"app","declaringClass":"org.testng.TestNG","methodName":"run","fileName":"TestNG.java","lineNumber":1037,"format":1},{"classLoaderName":"app","declaringClass":"org.testng.remote.AbstractRemoteTestNG","methodName":"run","fileName":"AbstractRemoteTestNG.java","lineNumber":115,"format":1},{"classLoaderName":"app","declaringClass":"org.testng.remote.RemoteTestNG","methodName":"initAndRun","fileName":"RemoteTestNG.java","lineNumber":251,"format":1},{"classLoaderName":"app","declaringClass":"org.testng.remote.RemoteTestNG","methodName":"main","fileName":"RemoteTestNG.java","lineNumber":77,"format":1}],"suppressedExceptions":[]},"stackTrace":[{"classLoaderName":"app","declaringClass":"org.openqa.selenium.support.ui.WebDriverWait","methodName":"timeoutException","fileName":"WebDriverWait.java","lineNumber":95,"format":1},{"classLoaderName":"app","declaringClass":"org.openqa.selenium.support.ui.FluentWait","methodName":"until","fileName":"FluentWait.java","lineNumber":272,"format":1},{"classLoaderName":"app","declaringClass":"com.ui.utils.SeleniumUtils","methodName":"waitForElement","fileName":"SeleniumUtils.java","lineNumber":20,"format":1},{"classLoaderName":"app","declaringClass":"com.ui.pages.LoginPage","methodName":"clickOnLogin","fileName":"LoginPage.java","lineNumber":33,"format":1},{"classLoaderName":"app","declaringClass":"com.ui.stepdefinitions.LoginPageSteps","methodName":"user_navigate_to_login_page","fileName":"LoginPageSteps.java","lineNumber":28,"format":1},{"declaringClass":"?","methodName":"User Navigate to Login Page","fileName":"file:///C:/Users/ramba/eclipse/AutomationManagement/src/test/resources/com/ui/features/Login.feature","lineNumber":5,"format":0}],"suppressedExceptions":[]},"stackTrace":"org.openqa.selenium.TimeoutException: Expected condition failed: waiting for visibility of element located by By.id: user_passwor (tried for 3 second(s) with 500 milliseconds interval)\r\n\tat org.openqa.selenium.support.ui.WebDriverWait.timeoutException(WebDriverWait.java:95)\r\n\tat org.openqa.selenium.support.ui.FluentWait.until(FluentWait.java:272)\r\n\tat com.ui.utils.SeleniumUtils.waitForElement(SeleniumUtils.java:20)\r\n\tat com.ui.pages.LoginPage.clickOnLogin(LoginPage.java:33)\r\n\tat com.ui.stepdefinitions.LoginPageSteps.user_navigate_to_login_page(LoginPageSteps.java:28)\r\n\tat ?.User Navigate to Login Page(file:///C:/Users/ramba/eclipse/AutomationManagement/src/test/resources/com/ui/features/Login.feature:5)\r\nCaused by: org.openqa.selenium.NoSuchElementException: no such element: Unable to locate element: {\"method\":\"css selector\",\"selector\":\"#user_passwor\"}\n  (Session info: chrome\u003d88.0.4324.150)\nFor documentation on this error, please visit: https://www.seleniumhq.org/exceptions/no_such_element.html\nBuild info: version: \u00273.141.59\u0027, revision: \u0027e82be7d358\u0027, time: \u00272018-11-14T08:17:03\u0027\nSystem info: host: \u0027DESKTOP-7N5R1H4\u0027, ip: \u0027192.168.0.198\u0027, os.name: \u0027Windows 10\u0027, os.arch: \u0027amd64\u0027, os.version: \u002710.0\u0027, java.version: \u002711.0.8\u0027\nDriver info: org.openqa.selenium.chrome.ChromeDriver\nCapabilities {acceptInsecureCerts: false, browserName: chrome, browserVersion: 88.0.4324.150, chrome: {chromedriverVersion: 87.0.4280.88 (89e2380a3e36c..., userDataDir: C:\\Users\\ramba\\AppData\\Loca...}, goog:chromeOptions: {debuggerAddress: localhost:65058}, javascriptEnabled: true, networkConnectionEnabled: false, pageLoadStrategy: normal, platform: WINDOWS, platformName: WINDOWS, proxy: Proxy(), setWindowRect: true, strictFileInteractability: false, timeouts: {implicit: 0, pageLoad: 300000, script: 30000}, unhandledPromptBehavior: dismiss and notify, webauthn:virtualAuthenticators: true}\nSession ID: 129375b5a594a3cdc000d3be8e871975\n*** Element info: {Using\u003did, value\u003duser_passwor}\r\n\tat java.base/jdk.internal.reflect.NativeConstructorAccessorImpl.newInstance0(Native Method)\r\n\tat java.base/jdk.internal.reflect.NativeConstructorAccessorImpl.newInstance(NativeConstructorAccessorImpl.java:62)\r\n\tat java.base/jdk.internal.reflect.DelegatingConstructorAccessorImpl.newInstance(DelegatingConstructorAccessorImpl.java:45)\r\n\tat java.base/java.lang.reflect.Constructor.newInstance(Constructor.java:490)\r\n\tat org.openqa.selenium.remote.http.W3CHttpResponseCodec.createException(W3CHttpResponseCodec.java:187)\r\n\tat org.openqa.selenium.remote.http.W3CHttpResponseCodec.decode(W3CHttpResponseCodec.java:122)\r\n\tat org.openqa.selenium.remote.http.W3CHttpResponseCodec.decode(W3CHttpResponseCodec.java:49)\r\n\tat org.openqa.selenium.remote.HttpCommandExecutor.execute(HttpCommandExecutor.java:158)\r\n\tat org.openqa.selenium.remote.service.DriverCommandExecutor.execute(DriverCommandExecutor.java:83)\r\n\tat org.openqa.selenium.remote.RemoteWebDriver.execute(RemoteWebDriver.java:552)\r\n\tat org.openqa.selenium.remote.RemoteWebDriver.findElement(RemoteWebDriver.java:323)\r\n\tat org.openqa.selenium.remote.RemoteWebDriver.findElementById(RemoteWebDriver.java:372)\r\n\tat org.openqa.selenium.By$ById.findElement(By.java:188)\r\n\tat org.openqa.selenium.remote.RemoteWebDriver.findElement(RemoteWebDriver.java:315)\r\n\tat org.openqa.selenium.support.ui.ExpectedConditions$7.apply(ExpectedConditions.java:205)\r\n\tat org.openqa.selenium.support.ui.ExpectedConditions$7.apply(ExpectedConditions.java:201)\r\n\tat org.openqa.selenium.support.ui.FluentWait.until(FluentWait.java:249)\r\n\tat com.ui.utils.SeleniumUtils.waitForElement(SeleniumUtils.java:20)\r\n\tat com.ui.pages.LoginPage.clickOnLogin(LoginPage.java:33)\r\n\tat com.ui.stepdefinitions.LoginPageSteps.user_navigate_to_login_page(LoginPageSteps.java:28)\r\n\tat java.base/jdk.internal.reflect.NativeMethodAccessorImpl.invoke0(Native Method)\r\n\tat java.base/jdk.internal.reflect.NativeMethodAccessorImpl.invoke(NativeMethodAccessorImpl.java:62)\r\n\tat java.base/jdk.internal.reflect.DelegatingMethodAccessorImpl.invoke(DelegatingMethodAccessorImpl.java:43)\r\n\tat java.base/java.lang.reflect.Method.invoke(Method.java:566)\r\n\tat io.cucumber.java.Invoker.doInvoke(Invoker.java:66)\r\n\tat io.cucumber.java.Invoker.invoke(Invoker.java:24)\r\n\tat io.cucumber.java.AbstractGlueDefinition.invokeMethod(AbstractGlueDefinition.java:47)\r\n\tat io.cucumber.java.JavaStepDefinition.execute(JavaStepDefinition.java:29)\r\n\tat io.cucumber.core.runner.CoreStepDefinition.execute(CoreStepDefinition.java:66)\r\n\tat io.cucumber.core.runner.PickleStepDefinitionMatch.runStep(PickleStepDefinitionMatch.java:63)\r\n\tat io.cucumber.core.runner.ExecutionMode$1.execute(ExecutionMode.java:10)\r\n\tat io.cucumber.core.runner.TestStep.executeStep(TestStep.java:92)\r\n\tat io.cucumber.core.runner.TestStep.run(TestStep.java:64)\r\n\tat io.cucumber.core.runner.PickleStepTestStep.run(PickleStepTestStep.java:51)\r\n\tat io.cucumber.core.runner.TestCase.run(TestCase.java:104)\r\n\tat io.cucumber.core.runner.Runner.runPickle(Runner.java:71)\r\n\tat io.cucumber.testng.TestNGCucumberRunner.lambda$runScenario$0(TestNGCucumberRunner.java:116)\r\n\tat io.cucumber.core.runtime.CucumberExecutionContext.runTestCase(CucumberExecutionContext.java:117)\r\n\tat io.cucumber.testng.TestNGCucumberRunner.runScenario(TestNGCucumberRunner.java:113)\r\n\tat io.cucumber.testng.AbstractTestNGCucumberTests.runScenario(AbstractTestNGCucumberTests.java:31)\r\n\tat java.base/jdk.internal.reflect.NativeMethodAccessorImpl.invoke0(Native Method)\r\n\tat java.base/jdk.internal.reflect.NativeMethodAccessorImpl.invoke(NativeMethodAccessorImpl.java:62)\r\n\tat java.base/jdk.internal.reflect.DelegatingMethodAccessorImpl.invoke(DelegatingMethodAccessorImpl.java:43)\r\n\tat java.base/java.lang.reflect.Method.invoke(Method.java:566)\r\n\tat org.testng.internal.MethodInvocationHelper.invokeMethod(MethodInvocationHelper.java:132)\r\n\tat org.testng.internal.TestInvoker.invokeMethod(TestInvoker.java:599)\r\n\tat org.testng.internal.TestInvoker.invokeTestMethod(TestInvoker.java:174)\r\n\tat org.testng.internal.MethodRunner.runInSequence(MethodRunner.java:46)\r\n\tat org.testng.internal.TestInvoker$MethodInvocationAgent.invoke(TestInvoker.java:822)\r\n\tat org.testng.internal.TestInvoker.invokeTestMethods(TestInvoker.java:147)\r\n\tat org.testng.internal.TestMethodWorker.invokeTestMethods(TestMethodWorker.java:146)\r\n\tat org.testng.internal.TestMethodWorker.run(TestMethodWorker.java:128)\r\n\tat java.base/java.util.ArrayList.forEach(ArrayList.java:1541)\r\n\tat org.testng.TestRunner.privateRun(TestRunner.java:764)\r\n\tat org.testng.TestRunner.run(TestRunner.java:585)\r\n\tat org.testng.SuiteRunner.runTest(SuiteRunner.java:384)\r\n\tat org.testng.SuiteRunner.runSequentially(SuiteRunner.java:378)\r\n\tat org.testng.SuiteRunner.privateRun(SuiteRunner.java:337)\r\n\tat org.testng.SuiteRunner.run(SuiteRunner.java:286)\r\n\tat org.testng.SuiteRunnerWorker.runSuite(SuiteRunnerWorker.java:53)\r\n\tat org.testng.SuiteRunnerWorker.run(SuiteRunnerWorker.java:96)\r\n\tat org.testng.TestNG.runSuitesSequentially(TestNG.java:1218)\r\n\tat org.testng.TestNG.runSuitesLocally(TestNG.java:1140)\r\n\tat org.testng.TestNG.runSuites(TestNG.java:1069)\r\n\tat org.testng.TestNG.run(TestNG.java:1037)\r\n\tat org.testng.remote.AbstractRemoteTestNG.run(AbstractRemoteTestNG.java:115)\r\n\tat org.testng.remote.RemoteTestNG.initAndRun(RemoteTestNG.java:251)\r\n\tat org.testng.remote.RemoteTestNG.main(RemoteTestNG.java:77)\r\n","name":"org.openqa.selenium.TimeoutException"}}],"media":[],"exceptions":[{"exception":{"extraInfo":{"Driver info":"org.openqa.selenium.chrome.ChromeDriver","Capabilities":"Capabilities {acceptInsecureCerts: false, browserName: chrome, browserVersion: 88.0.4324.150, chrome: {chromedriverVersion: 87.0.4280.88 (89e2380a3e36c..., userDataDir: C:\\Users\\ramba\\AppData\\Loca...}, goog:chromeOptions: {debuggerAddress: localhost:65058}, javascriptEnabled: true, networkConnectionEnabled: false, pageLoadStrategy: normal, platform: WINDOWS, platformName: WINDOWS, proxy: Proxy(), setWindowRect: true, strictFileInteractability: false, timeouts: {implicit: 0, pageLoad: 300000, script: 30000}, unhandledPromptBehavior: dismiss and notify, webauthn:virtualAuthenticators: true}","Session ID":"129375b5a594a3cdc000d3be8e871975"},"detailMessage":"Expected condition failed: waiting for visibility of element located by By.id: user_passwor (tried for 3 second(s) with 500 milliseconds interval)","cause":{"extraInfo":{"Driver info":"org.openqa.selenium.chrome.ChromeDriver","Capabilities":"Capabilities {acceptInsecureCerts: false, browserName: chrome, browserVersion: 88.0.4324.150, chrome: {chromedriverVersion: 87.0.4280.88 (89e2380a3e36c..., userDataDir: C:\\Users\\ramba\\AppData\\Loca...}, goog:chromeOptions: {debuggerAddress: localhost:65058}, javascriptEnabled: true, networkConnectionEnabled: false, pageLoadStrategy: normal, platform: WINDOWS, platformName: WINDOWS, proxy: Proxy(), setWindowRect: true, strictFileInteractability: false, timeouts: {implicit: 0, pageLoad: 300000, script: 30000}, unhandledPromptBehavior: dismiss and notify, webauthn:virtualAuthenticators: true}","Session ID":"129375b5a594a3cdc000d3be8e871975","*** Element info":"{Using\u003did, value\u003duser_passwor}"},"detailMessage":"no such element: Unable to locate element: {\"method\":\"css selector\",\"selector\":\"#user_passwor\"}\n  (Session info: chrome\u003d88.0.4324.150)","stackTrace":[{"moduleName":"java.base","moduleVersion":"11.0.8","declaringClass":"jdk.internal.reflect.NativeConstructorAccessorImpl","methodName":"newInstance0","fileName":"NativeConstructorAccessorImpl.java","lineNumber":-2,"format":2},{"moduleName":"java.base","moduleVersion":"11.0.8","declaringClass":"jdk.internal.reflect.NativeConstructorAccessorImpl","methodName":"newInstance","fileName":"NativeConstructorAccessorImpl.java","lineNumber":62,"format":2},{"moduleName":"java.base","moduleVersion":"11.0.8","declaringClass":"jdk.internal.reflect.DelegatingConstructorAccessorImpl","methodName":"newInstance","fileName":"DelegatingConstructorAccessorImpl.java","lineNumber":45,"format":2},{"moduleName":"java.base","moduleVersion":"11.0.8","declaringClass":"java.lang.reflect.Constructor","methodName":"newInstance","fileName":"Constructor.java","lineNumber":490,"format":2},{"classLoaderName":"app","declaringClass":"org.openqa.selenium.remote.http.W3CHttpResponseCodec","methodName":"createException","fileName":"W3CHttpResponseCodec.java","lineNumber":187,"format":1},{"classLoaderName":"app","declaringClass":"org.openqa.selenium.remote.http.W3CHttpResponseCodec","methodName":"decode","fileName":"W3CHttpResponseCodec.java","lineNumber":122,"format":1},{"classLoaderName":"app","declaringClass":"org.openqa.selenium.remote.http.W3CHttpResponseCodec","methodName":"decode","fileName":"W3CHttpResponseCodec.java","lineNumber":49,"format":1},{"classLoaderName":"app","declaringClass":"org.openqa.selenium.remote.HttpCommandExecutor","methodName":"execute","fileName":"HttpCommandExecutor.java","lineNumber":158,"format":1},{"classLoaderName":"app","declaringClass":"org.openqa.selenium.remote.service.DriverCommandExecutor","methodName":"execute","fileName":"DriverCommandExecutor.java","lineNumber":83,"format":1},{"classLoaderName":"app","declaringClass":"org.openqa.selenium.remote.RemoteWebDriver","methodName":"execute","fileName":"RemoteWebDriver.java","lineNumber":552,"format":1},{"classLoaderName":"app","declaringClass":"org.openqa.selenium.remote.RemoteWebDriver","methodName":"findElement","fileName":"RemoteWebDriver.java","lineNumber":323,"format":1},{"classLoaderName":"app","declaringClass":"org.openqa.selenium.remote.RemoteWebDriver","methodName":"findElementById","fileName":"RemoteWebDriver.java","lineNumber":372,"format":1},{"classLoaderName":"app","declaringClass":"org.openqa.selenium.By$ById","methodName":"findElement","fileName":"By.java","lineNumber":188,"format":1},{"classLoaderName":"app","declaringClass":"org.openqa.selenium.remote.RemoteWebDriver","methodName":"findElement","fileName":"RemoteWebDriver.java","lineNumber":315,"format":1},{"classLoaderName":"app","declaringClass":"org.openqa.selenium.support.ui.ExpectedConditions$7","methodName":"apply","fileName":"ExpectedConditions.java","lineNumber":205,"format":1},{"classLoaderName":"app","declaringClass":"org.openqa.selenium.support.ui.ExpectedConditions$7","methodName":"apply","fileName":"ExpectedConditions.java","lineNumber":201,"format":1},{"classLoaderName":"app","declaringClass":"org.openqa.selenium.support.ui.FluentWait","methodName":"until","fileName":"FluentWait.java","lineNumber":249,"format":1},{"classLoaderName":"app","declaringClass":"com.ui.utils.SeleniumUtils","methodName":"waitForElement","fileName":"SeleniumUtils.java","lineNumber":20,"format":1},{"classLoaderName":"app","declaringClass":"com.ui.pages.LoginPage","methodName":"clickOnLogin","fileName":"LoginPage.java","lineNumber":33,"format":1},{"classLoaderName":"app","declaringClass":"com.ui.stepdefinitions.LoginPageSteps","methodName":"user_navigate_to_login_page","fileName":"LoginPageSteps.java","lineNumber":28,"format":1},{"moduleName":"java.base","moduleVersion":"11.0.8","declaringClass":"jdk.internal.reflect.NativeMethodAccessorImpl","methodName":"invoke0","fileName":"NativeMethodAccessorImpl.java","lineNumber":-2,"format":2},{"moduleName":"java.base","moduleVersion":"11.0.8","declaringClass":"jdk.internal.reflect.NativeMethodAccessorImpl","methodName":"invoke","fileName":"NativeMethodAccessorImpl.java","lineNumber":62,"format":2},{"moduleName":"java.base","moduleVersion":"11.0.8","declaringClass":"jdk.internal.reflect.DelegatingMethodAccessorImpl","methodName":"invoke","fileName":"DelegatingMethodAccessorImpl.java","lineNumber":43,"format":2},{"moduleName":"java.base","moduleVersion":"11.0.8","declaringClass":"java.lang.reflect.Method","methodName":"invoke","fileName":"Method.java","lineNumber":566,"format":2},{"classLoaderName":"app","declaringClass":"io.cucumber.java.Invoker","methodName":"doInvoke","fileName":"Invoker.java","lineNumber":66,"format":1},{"classLoaderName":"app","declaringClass":"io.cucumber.java.Invoker","methodName":"invoke","fileName":"Invoker.java","lineNumber":24,"format":1},{"classLoaderName":"app","declaringClass":"io.cucumber.java.AbstractGlueDefinition","methodName":"invokeMethod","fileName":"AbstractGlueDefinition.java","lineNumber":47,"format":1},{"classLoaderName":"app","declaringClass":"io.cucumber.java.JavaStepDefinition","methodName":"execute","fileName":"JavaStepDefinition.java","lineNumber":29,"format":1},{"classLoaderName":"app","declaringClass":"io.cucumber.core.runner.CoreStepDefinition","methodName":"execute","fileName":"CoreStepDefinition.java","lineNumber":66,"format":1},{"classLoaderName":"app","declaringClass":"io.cucumber.core.runner.PickleStepDefinitionMatch","methodName":"runStep","fileName":"PickleStepDefinitionMatch.java","lineNumber":63,"format":1},{"classLoaderName":"app","declaringClass":"io.cucumber.core.runner.ExecutionMode$1","methodName":"execute","fileName":"ExecutionMode.java","lineNumber":10,"format":1},{"classLoaderName":"app","declaringClass":"io.cucumber.core.runner.TestStep","methodName":"executeStep","fileName":"TestStep.java","lineNumber":92,"format":1},{"classLoaderName":"app","declaringClass":"io.cucumber.core.runner.TestStep","methodName":"run","fileName":"TestStep.java","lineNumber":64,"format":1},{"classLoaderName":"app","declaringClass":"io.cucumber.core.runner.PickleStepTestStep","methodName":"run","fileName":"PickleStepTestStep.java","lineNumber":51,"format":1},{"classLoaderName":"app","declaringClass":"io.cucumber.core.runner.TestCase","methodName":"run","fileName":"TestCase.java","lineNumber":104,"format":1},{"classLoaderName":"app","declaringClass":"io.cucumber.core.runner.Runner","methodName":"runPickle","fileName":"Runner.java","lineNumber":71,"format":1},{"classLoaderName":"app","declaringClass":"io.cucumber.testng.TestNGCucumberRunner","methodName":"lambda$runScenario$0","fileName":"TestNGCucumberRunner.java","lineNumber":116,"format":1},{"classLoaderName":"app","declaringClass":"io.cucumber.core.runtime.CucumberExecutionContext","methodName":"runTestCase","fileName":"CucumberExecutionContext.java","lineNumber":117,"format":1},{"classLoaderName":"app","declaringClass":"io.cucumber.testng.TestNGCucumberRunner","methodName":"runScenario","fileName":"TestNGCucumberRunner.java","lineNumber":113,"format":1},{"classLoaderName":"app","declaringClass":"io.cucumber.testng.AbstractTestNGCucumberTests","methodName":"runScenario","fileName":"AbstractTestNGCucumberTests.java","lineNumber":31,"format":1},{"moduleName":"java.base","moduleVersion":"11.0.8","declaringClass":"jdk.internal.reflect.NativeMethodAccessorImpl","methodName":"invoke0","fileName":"NativeMethodAccessorImpl.java","lineNumber":-2,"format":2},{"moduleName":"java.base","moduleVersion":"11.0.8","declaringClass":"jdk.internal.reflect.NativeMethodAccessorImpl","methodName":"invoke","fileName":"NativeMethodAccessorImpl.java","lineNumber":62,"format":2},{"moduleName":"java.base","moduleVersion":"11.0.8","declaringClass":"jdk.internal.reflect.DelegatingMethodAccessorImpl","methodName":"invoke","fileName":"DelegatingMethodAccessorImpl.java","lineNumber":43,"format":2},{"moduleName":"java.base","moduleVersion":"11.0.8","declaringClass":"java.lang.reflect.Method","methodName":"invoke","fileName":"Method.java","lineNumber":566,"format":2},{"classLoaderName":"app","declaringClass":"org.testng.internal.MethodInvocationHelper","methodName":"invokeMethod","fileName":"MethodInvocationHelper.java","lineNumber":132,"format":1},{"classLoaderName":"app","declaringClass":"org.testng.internal.TestInvoker","methodName":"invokeMethod","fileName":"TestInvoker.java","lineNumber":599,"format":1},{"classLoaderName":"app","declaringClass":"org.testng.internal.TestInvoker","methodName":"invokeTestMethod","fileName":"TestInvoker.java","lineNumber":174,"format":1},{"classLoaderName":"app","declaringClass":"org.testng.internal.MethodRunner","methodName":"runInSequence","fileName":"MethodRunner.java","lineNumber":46,"format":1},{"classLoaderName":"app","declaringClass":"org.testng.internal.TestInvoker$MethodInvocationAgent","methodName":"invoke","fileName":"TestInvoker.java","lineNumber":822,"format":1},{"classLoaderName":"app","declaringClass":"org.testng.internal.TestInvoker","methodName":"invokeTestMethods","fileName":"TestInvoker.java","lineNumber":147,"format":1},{"classLoaderName":"app","declaringClass":"org.testng.internal.TestMethodWorker","methodName":"invokeTestMethods","fileName":"TestMethodWorker.java","lineNumber":146,"format":1},{"classLoaderName":"app","declaringClass":"org.testng.internal.TestMethodWorker","methodName":"run","fileName":"TestMethodWorker.java","lineNumber":128,"format":1},{"moduleName":"java.base","moduleVersion":"11.0.8","declaringClass":"java.util.ArrayList","methodName":"forEach","fileName":"ArrayList.java","lineNumber":1541,"format":2},{"classLoaderName":"app","declaringClass":"org.testng.TestRunner","methodName":"privateRun","fileName":"TestRunner.java","lineNumber":764,"format":1},{"classLoaderName":"app","declaringClass":"org.testng.TestRunner","methodName":"run","fileName":"TestRunner.java","lineNumber":585,"format":1},{"classLoaderName":"app","declaringClass":"org.testng.SuiteRunner","methodName":"runTest","fileName":"SuiteRunner.java","lineNumber":384,"format":1},{"classLoaderName":"app","declaringClass":"org.testng.SuiteRunner","methodName":"runSequentially","fileName":"SuiteRunner.java","lineNumber":378,"format":1},{"classLoaderName":"app","declaringClass":"org.testng.SuiteRunner","methodName":"privateRun","fileName":"SuiteRunner.java","lineNumber":337,"format":1},{"classLoaderName":"app","declaringClass":"org.testng.SuiteRunner","methodName":"run","fileName":"SuiteRunner.java","lineNumber":286,"format":1},{"classLoaderName":"app","declaringClass":"org.testng.SuiteRunnerWorker","methodName":"runSuite","fileName":"SuiteRunnerWorker.java","lineNumber":53,"format":1},{"classLoaderName":"app","declaringClass":"org.testng.SuiteRunnerWorker","methodName":"run","fileName":"SuiteRunnerWorker.java","lineNumber":96,"format":1},{"classLoaderName":"app","declaringClass":"org.testng.TestNG","methodName":"runSuitesSequentially","fileName":"TestNG.java","lineNumber":1218,"format":1},{"classLoaderName":"app","declaringClass":"org.testng.TestNG","methodName":"runSuitesLocally","fileName":"TestNG.java","lineNumber":1140,"format":1},{"classLoaderName":"app","declaringClass":"org.testng.TestNG","methodName":"runSuites","fileName":"TestNG.java","lineNumber":1069,"format":1},{"classLoaderName":"app","declaringClass":"org.testng.TestNG","methodName":"run","fileName":"TestNG.java","lineNumber":1037,"format":1},{"classLoaderName":"app","declaringClass":"org.testng.remote.AbstractRemoteTestNG","methodName":"run","fileName":"AbstractRemoteTestNG.java","lineNumber":115,"format":1},{"classLoaderName":"app","declaringClass":"org.testng.remote.RemoteTestNG","methodName":"initAndRun","fileName":"RemoteTestNG.java","lineNumber":251,"format":1},{"classLoaderName":"app","declaringClass":"org.testng.remote.RemoteTestNG","methodName":"main","fileName":"RemoteTestNG.java","lineNumber":77,"format":1}],"suppressedExceptions":[]},"stackTrace":[{"classLoaderName":"app","declaringClass":"org.openqa.selenium.support.ui.WebDriverWait","methodName":"timeoutException","fileName":"WebDriverWait.java","lineNumber":95,"format":1},{"classLoaderName":"app","declaringClass":"org.openqa.selenium.support.ui.FluentWait","methodName":"until","fileName":"FluentWait.java","lineNumber":272,"format":1},{"classLoaderName":"app","declaringClass":"com.ui.utils.SeleniumUtils","methodName":"waitForElement","fileName":"SeleniumUtils.java","lineNumber":20,"format":1},{"classLoaderName":"app","declaringClass":"com.ui.pages.LoginPage","methodName":"clickOnLogin","fileName":"LoginPage.java","lineNumber":33,"format":1},{"classLoaderName":"app","declaringClass":"com.ui.stepdefinitions.LoginPageSteps","methodName":"user_navigate_to_login_page","fileName":"LoginPageSteps.java","lineNumber":28,"format":1},{"declaringClass":"?","methodName":"User Navigate to Login Page","fileName":"file:///C:/Users/ramba/eclipse/AutomationManagement/src/test/resources/com/ui/features/Login.feature","lineNumber":5,"format":0}],"suppressedExceptions":[]},"stackTrace":"org.openqa.selenium.TimeoutException: Expected condition failed: waiting for visibility of element located by By.id: user_passwor (tried for 3 second(s) with 500 milliseconds interval)\r\n\tat org.openqa.selenium.support.ui.WebDriverWait.timeoutException(WebDriverWait.java:95)\r\n\tat org.openqa.selenium.support.ui.FluentWait.until(FluentWait.java:272)\r\n\tat com.ui.utils.SeleniumUtils.waitForElement(SeleniumUtils.java:20)\r\n\tat com.ui.pages.LoginPage.clickOnLogin(LoginPage.java:33)\r\n\tat com.ui.stepdefinitions.LoginPageSteps.user_navigate_to_login_page(LoginPageSteps.java:28)\r\n\tat ?.User Navigate to Login Page(file:///C:/Users/ramba/eclipse/AutomationManagement/src/test/resources/com/ui/features/Login.feature:5)\r\nCaused by: org.openqa.selenium.NoSuchElementException: no such element: Unable to locate element: {\"method\":\"css selector\",\"selector\":\"#user_passwor\"}\n  (Session info: chrome\u003d88.0.4324.150)\nFor documentation on this error, please visit: https://www.seleniumhq.org/exceptions/no_such_element.html\nBuild info: version: \u00273.141.59\u0027, revision: \u0027e82be7d358\u0027, time: \u00272018-11-14T08:17:03\u0027\nSystem info: host: \u0027DESKTOP-7N5R1H4\u0027, ip: \u0027192.168.0.198\u0027, os.name: \u0027Windows 10\u0027, os.arch: \u0027amd64\u0027, os.version: \u002710.0\u0027, java.version: \u002711.0.8\u0027\nDriver info: org.openqa.selenium.chrome.ChromeDriver\nCapabilities {acceptInsecureCerts: false, browserName: chrome, browserVersion: 88.0.4324.150, chrome: {chromedriverVersion: 87.0.4280.88 (89e2380a3e36c..., userDataDir: C:\\Users\\ramba\\AppData\\Loca...}, goog:chromeOptions: {debuggerAddress: localhost:65058}, javascriptEnabled: true, networkConnectionEnabled: false, pageLoadStrategy: normal, platform: WINDOWS, platformName: WINDOWS, proxy: Proxy(), setWindowRect: true, strictFileInteractability: false, timeouts: {implicit: 0, pageLoad: 300000, script: 30000}, unhandledPromptBehavior: dismiss and notify, webauthn:virtualAuthenticators: true}\nSession ID: 129375b5a594a3cdc000d3be8e871975\n*** Element info: {Using\u003did, value\u003duser_passwor}\r\n\tat java.base/jdk.internal.reflect.NativeConstructorAccessorImpl.newInstance0(Native Method)\r\n\tat java.base/jdk.internal.reflect.NativeConstructorAccessorImpl.newInstance(NativeConstructorAccessorImpl.java:62)\r\n\tat java.base/jdk.internal.reflect.DelegatingConstructorAccessorImpl.newInstance(DelegatingConstructorAccessorImpl.java:45)\r\n\tat java.base/java.lang.reflect.Constructor.newInstance(Constructor.java:490)\r\n\tat org.openqa.selenium.remote.http.W3CHttpResponseCodec.createException(W3CHttpResponseCodec.java:187)\r\n\tat org.openqa.selenium.remote.http.W3CHttpResponseCodec.decode(W3CHttpResponseCodec.java:122)\r\n\tat org.openqa.selenium.remote.http.W3CHttpResponseCodec.decode(W3CHttpResponseCodec.java:49)\r\n\tat org.openqa.selenium.remote.HttpCommandExecutor.execute(HttpCommandExecutor.java:158)\r\n\tat org.openqa.selenium.remote.service.DriverCommandExecutor.execute(DriverCommandExecutor.java:83)\r\n\tat org.openqa.selenium.remote.RemoteWebDriver.execute(RemoteWebDriver.java:552)\r\n\tat org.openqa.selenium.remote.RemoteWebDriver.findElement(RemoteWebDriver.java:323)\r\n\tat org.openqa.selenium.remote.RemoteWebDriver.findElementById(RemoteWebDriver.java:372)\r\n\tat org.openqa.selenium.By$ById.findElement(By.java:188)\r\n\tat org.openqa.selenium.remote.RemoteWebDriver.findElement(RemoteWebDriver.java:315)\r\n\tat org.openqa.selenium.support.ui.ExpectedConditions$7.apply(ExpectedConditions.java:205)\r\n\tat org.openqa.selenium.support.ui.ExpectedConditions$7.apply(ExpectedConditions.java:201)\r\n\tat org.openqa.selenium.support.ui.FluentWait.until(FluentWait.java:249)\r\n\tat com.ui.utils.SeleniumUtils.waitForElement(SeleniumUtils.java:20)\r\n\tat com.ui.pages.LoginPage.clickOnLogin(LoginPage.java:33)\r\n\tat com.ui.stepdefinitions.LoginPageSteps.user_navigate_to_login_page(LoginPageSteps.java:28)\r\n\tat java.base/jdk.internal.reflect.NativeMethodAccessorImpl.invoke0(Native Method)\r\n\tat java.base/jdk.internal.reflect.NativeMethodAccessorImpl.invoke(NativeMethodAccessorImpl.java:62)\r\n\tat java.base/jdk.internal.reflect.DelegatingMethodAccessorImpl.invoke(DelegatingMethodAccessorImpl.java:43)\r\n\tat java.base/java.lang.reflect.Method.invoke(Method.java:566)\r\n\tat io.cucumber.java.Invoker.doInvoke(Invoker.java:66)\r\n\tat io.cucumber.java.Invoker.invoke(Invoker.java:24)\r\n\tat io.cucumber.java.AbstractGlueDefinition.invokeMethod(AbstractGlueDefinition.java:47)\r\n\tat io.cucumber.java.JavaStepDefinition.execute(JavaStepDefinition.java:29)\r\n\tat io.cucumber.core.runner.CoreStepDefinition.execute(CoreStepDefinition.java:66)\r\n\tat io.cucumber.core.runner.PickleStepDefinitionMatch.runStep(PickleStepDefinitionMatch.java:63)\r\n\tat io.cucumber.core.runner.ExecutionMode$1.execute(ExecutionMode.java:10)\r\n\tat io.cucumber.core.runner.TestStep.executeStep(TestStep.java:92)\r\n\tat io.cucumber.core.runner.TestStep.run(TestStep.java:64)\r\n\tat io.cucumber.core.runner.PickleStepTestStep.run(PickleStepTestStep.java:51)\r\n\tat io.cucumber.core.runner.TestCase.run(TestCase.java:104)\r\n\tat io.cucumber.core.runner.Runner.runPickle(Runner.java:71)\r\n\tat io.cucumber.testng.TestNGCucumberRunner.lambda$runScenario$0(TestNGCucumberRunner.java:116)\r\n\tat io.cucumber.core.runtime.CucumberExecutionContext.runTestCase(CucumberExecutionContext.java:117)\r\n\tat io.cucumber.testng.TestNGCucumberRunner.runScenario(TestNGCucumberRunner.java:113)\r\n\tat io.cucumber.testng.AbstractTestNGCucumberTests.runScenario(AbstractTestNGCucumberTests.java:31)\r\n\tat java.base/jdk.internal.reflect.NativeMethodAccessorImpl.invoke0(Native Method)\r\n\tat java.base/jdk.internal.reflect.NativeMethodAccessorImpl.invoke(NativeMethodAccessorImpl.java:62)\r\n\tat java.base/jdk.internal.reflect.DelegatingMethodAccessorImpl.invoke(DelegatingMethodAccessorImpl.java:43)\r\n\tat java.base/java.lang.reflect.Method.invoke(Method.java:566)\r\n\tat org.testng.internal.MethodInvocationHelper.invokeMethod(MethodInvocationHelper.java:132)\r\n\tat org.testng.internal.TestInvoker.invokeMethod(TestInvoker.java:599)\r\n\tat org.testng.internal.TestInvoker.invokeTestMethod(TestInvoker.java:174)\r\n\tat org.testng.internal.MethodRunner.runInSequence(MethodRunner.java:46)\r\n\tat org.testng.internal.TestInvoker$MethodInvocationAgent.invoke(TestInvoker.java:822)\r\n\tat org.testng.internal.TestInvoker.invokeTestMethods(TestInvoker.java:147)\r\n\tat org.testng.internal.TestMethodWorker.invokeTestMethods(TestMethodWorker.java:146)\r\n\tat org.testng.internal.TestMethodWorker.run(TestMethodWorker.java:128)\r\n\tat java.base/java.util.ArrayList.forEach(ArrayList.java:1541)\r\n\tat org.testng.TestRunner.privateRun(TestRunner.java:764)\r\n\tat org.testng.TestRunner.run(TestRunner.java:585)\r\n\tat org.testng.SuiteRunner.runTest(SuiteRunner.java:384)\r\n\tat org.testng.SuiteRunner.runSequentially(SuiteRunner.java:378)\r\n\tat org.testng.SuiteRunner.privateRun(SuiteRunner.java:337)\r\n\tat org.testng.SuiteRunner.run(SuiteRunner.java:286)\r\n\tat org.testng.SuiteRunnerWorker.runSuite(SuiteRunnerWorker.java:53)\r\n\tat org.testng.SuiteRunnerWorker.run(SuiteRunnerWorker.java:96)\r\n\tat org.testng.TestNG.runSuitesSequentially(TestNG.java:1218)\r\n\tat org.testng.TestNG.runSuitesLocally(TestNG.java:1140)\r\n\tat org.testng.TestNG.runSuites(TestNG.java:1069)\r\n\tat org.testng.TestNG.run(TestNG.java:1037)\r\n\tat org.testng.remote.AbstractRemoteTestNG.run(AbstractRemoteTestNG.java:115)\r\n\tat org.testng.remote.RemoteTestNG.initAndRun(RemoteTestNG.java:251)\r\n\tat org.testng.remote.RemoteTestNG.main(RemoteTestNG.java:77)\r\n","name":"org.openqa.selenium.TimeoutException"}],"authorSet":[],"categorySet":[],"deviceSet":[],"generatedLog":[]},{"useNaturalConf":true,"startTime":"Feb 11, 2021, 12:10:13 PM","endTime":"Feb 11, 2021, 12:10:13 PM","status":"SKIP","level":2,"isLeaf":true,"name":"And User enters \"test@email.com\" and \"abcabc\"","description":"com.ui.stepdefinitions.LoginPageSteps.user_enters_and(java.lang.String,java.lang.String)","bddType":"com.aventstack.extentreports.gherkin.model.And","infoMap":{},"children":[],"logs":[{"timestamp":"Feb 11, 2021, 12:10:13 PM","status":"SKIP","details":"Step skipped","seq":0,"infoMap":{}}],"media":[],"exceptions":[],"authorSet":[],"categorySet":[],"deviceSet":[],"generatedLog":[]}],"logs":[],"media":[],"exceptions":[],"authorSet":[],"categorySet":[],"deviceSet":[],"generatedLog":[]},{"useNaturalConf":true,"startTime":"Feb 11, 2021, 12:10:14 PM","endTime":"Feb 11, 2021, 12:10:30 PM","status":"FAIL","level":1,"isLeaf":false,"name":"Login with InValid Credentials","description":"","bddType":"com.aventstack.extentreports.gherkin.model.Scenario","infoMap":{},"children":[{"useNaturalConf":true,"startTime":"Feb 11, 2021, 12:10:20 PM","endTime":"Feb 11, 2021, 12:10:25 PM","status":"PASS","level":2,"isLeaf":true,"name":"Given User is on Home Page","description":"com.ui.stepdefinitions.LoginPageSteps.user_is_on_home_page()","bddType":"com.aventstack.extentreports.gherkin.model.Given","infoMap":{},"children":[],"logs":[{"timestamp":"Feb 11, 2021, 12:10:25 PM","status":"PASS","details":"","seq":0,"infoMap":{}}],"media":[],"exceptions":[],"authorSet":[],"categorySet":[],"deviceSet":[],"generatedLog":[]},{"useNaturalConf":true,"startTime":"Feb 11, 2021, 12:10:25 PM","endTime":"Feb 11, 2021, 12:10:29 PM","status":"FAIL","level":2,"isLeaf":true,"name":"When User Navigate to Login Page","description":"com.ui.stepdefinitions.LoginPageSteps.user_navigate_to_login_page()","bddType":"com.aventstack.extentreports.gherkin.model.When","infoMap":{},"children":[],"logs":[{"timestamp":"Feb 11, 2021, 12:10:29 PM","status":"FAIL","details":"","seq":0,"infoMap":{},"exception":{"exception":{"extraInfo":{"Driver info":"org.openqa.selenium.chrome.ChromeDriver","Capabilities":"Capabilities {acceptInsecureCerts: false, browserName: chrome, browserVersion: 88.0.4324.150, chrome: {chromedriverVersion: 87.0.4280.88 (89e2380a3e36c..., userDataDir: C:\\Users\\ramba\\AppData\\Loca...}, goog:chromeOptions: {debuggerAddress: localhost:65112}, javascriptEnabled: true, networkConnectionEnabled: false, pageLoadStrategy: normal, platform: WINDOWS, platformName: WINDOWS, proxy: Proxy(), setWindowRect: true, strictFileInteractability: false, timeouts: {implicit: 0, pageLoad: 300000, script: 30000}, unhandledPromptBehavior: dismiss and notify, webauthn:virtualAuthenticators: true}","Session ID":"35ec48239ed12466a7b6465da6bba1d8"},"detailMessage":"Expected condition failed: waiting for visibility of element located by By.id: user_passwor (tried for 3 second(s) with 500 milliseconds interval)","cause":{"extraInfo":{"Driver info":"org.openqa.selenium.chrome.ChromeDriver","Capabilities":"Capabilities {acceptInsecureCerts: false, browserName: chrome, browserVersion: 88.0.4324.150, chrome: {chromedriverVersion: 87.0.4280.88 (89e2380a3e36c..., userDataDir: C:\\Users\\ramba\\AppData\\Loca...}, goog:chromeOptions: {debuggerAddress: localhost:65112}, javascriptEnabled: true, networkConnectionEnabled: false, pageLoadStrategy: normal, platform: WINDOWS, platformName: WINDOWS, proxy: Proxy(), setWindowRect: true, strictFileInteractability: false, timeouts: {implicit: 0, pageLoad: 300000, script: 30000}, unhandledPromptBehavior: dismiss and notify, webauthn:virtualAuthenticators: true}","Session ID":"35ec48239ed12466a7b6465da6bba1d8","*** Element info":"{Using\u003did, value\u003duser_passwor}"},"detailMessage":"no such element: Unable to locate element: {\"method\":\"css selector\",\"selector\":\"#user_passwor\"}\n  (Session info: chrome\u003d88.0.4324.150)","stackTrace":[{"moduleName":"java.base","moduleVersion":"11.0.8","declaringClass":"jdk.internal.reflect.NativeConstructorAccessorImpl","methodName":"newInstance0","fileName":"NativeConstructorAccessorImpl.java","lineNumber":-2,"format":2},{"moduleName":"java.base","moduleVersion":"11.0.8","declaringClass":"jdk.internal.reflect.NativeConstructorAccessorImpl","methodName":"newInstance","fileName":"NativeConstructorAccessorImpl.java","lineNumber":62,"format":2},{"moduleName":"java.base","moduleVersion":"11.0.8","declaringClass":"jdk.internal.reflect.DelegatingConstructorAccessorImpl","methodName":"newInstance","fileName":"DelegatingConstructorAccessorImpl.java","lineNumber":45,"format":2},{"moduleName":"java.base","moduleVersion":"11.0.8","declaringClass":"java.lang.reflect.Constructor","methodName":"newInstance","fileName":"Constructor.java","lineNumber":490,"format":2},{"classLoaderName":"app","declaringClass":"org.openqa.selenium.remote.http.W3CHttpResponseCodec","methodName":"createException","fileName":"W3CHttpResponseCodec.java","lineNumber":187,"format":1},{"classLoaderName":"app","declaringClass":"org.openqa.selenium.remote.http.W3CHttpResponseCodec","methodName":"decode","fileName":"W3CHttpResponseCodec.java","lineNumber":122,"format":1},{"classLoaderName":"app","declaringClass":"org.openqa.selenium.remote.http.W3CHttpResponseCodec","methodName":"decode","fileName":"W3CHttpResponseCodec.java","lineNumber":49,"format":1},{"classLoaderName":"app","declaringClass":"org.openqa.selenium.remote.HttpCommandExecutor","methodName":"execute","fileName":"HttpCommandExecutor.java","lineNumber":158,"format":1},{"classLoaderName":"app","declaringClass":"org.openqa.selenium.remote.service.DriverCommandExecutor","methodName":"execute","fileName":"DriverCommandExecutor.java","lineNumber":83,"format":1},{"classLoaderName":"app","declaringClass":"org.openqa.selenium.remote.RemoteWebDriver","methodName":"execute","fileName":"RemoteWebDriver.java","lineNumber":552,"format":1},{"classLoaderName":"app","declaringClass":"org.openqa.selenium.remote.RemoteWebDriver","methodName":"findElement","fileName":"RemoteWebDriver.java","lineNumber":323,"format":1},{"classLoaderName":"app","declaringClass":"org.openqa.selenium.remote.RemoteWebDriver","methodName":"findElementById","fileName":"RemoteWebDriver.java","lineNumber":372,"format":1},{"classLoaderName":"app","declaringClass":"org.openqa.selenium.By$ById","methodName":"findElement","fileName":"By.java","lineNumber":188,"format":1},{"classLoaderName":"app","declaringClass":"org.openqa.selenium.remote.RemoteWebDriver","methodName":"findElement","fileName":"RemoteWebDriver.java","lineNumber":315,"format":1},{"classLoaderName":"app","declaringClass":"org.openqa.selenium.support.ui.ExpectedConditions$7","methodName":"apply","fileName":"ExpectedConditions.java","lineNumber":205,"format":1},{"classLoaderName":"app","declaringClass":"org.openqa.selenium.support.ui.ExpectedConditions$7","methodName":"apply","fileName":"ExpectedConditions.java","lineNumber":201,"format":1},{"classLoaderName":"app","declaringClass":"org.openqa.selenium.support.ui.FluentWait","methodName":"until","fileName":"FluentWait.java","lineNumber":249,"format":1},{"classLoaderName":"app","declaringClass":"com.ui.utils.SeleniumUtils","methodName":"waitForElement","fileName":"SeleniumUtils.java","lineNumber":20,"format":1},{"classLoaderName":"app","declaringClass":"com.ui.pages.LoginPage","methodName":"clickOnLogin","fileName":"LoginPage.java","lineNumber":33,"format":1},{"classLoaderName":"app","declaringClass":"com.ui.stepdefinitions.LoginPageSteps","methodName":"user_navigate_to_login_page","fileName":"LoginPageSteps.java","lineNumber":28,"format":1},{"moduleName":"java.base","moduleVersion":"11.0.8","declaringClass":"jdk.internal.reflect.NativeMethodAccessorImpl","methodName":"invoke0","fileName":"NativeMethodAccessorImpl.java","lineNumber":-2,"format":2},{"moduleName":"java.base","moduleVersion":"11.0.8","declaringClass":"jdk.internal.reflect.NativeMethodAccessorImpl","methodName":"invoke","fileName":"NativeMethodAccessorImpl.java","lineNumber":62,"format":2},{"moduleName":"java.base","moduleVersion":"11.0.8","declaringClass":"jdk.internal.reflect.DelegatingMethodAccessorImpl","methodName":"invoke","fileName":"DelegatingMethodAccessorImpl.java","lineNumber":43,"format":2},{"moduleName":"java.base","moduleVersion":"11.0.8","declaringClass":"java.lang.reflect.Method","methodName":"invoke","fileName":"Method.java","lineNumber":566,"format":2},{"classLoaderName":"app","declaringClass":"io.cucumber.java.Invoker","methodName":"doInvoke","fileName":"Invoker.java","lineNumber":66,"format":1},{"classLoaderName":"app","declaringClass":"io.cucumber.java.Invoker","methodName":"invoke","fileName":"Invoker.java","lineNumber":24,"format":1},{"classLoaderName":"app","declaringClass":"io.cucumber.java.AbstractGlueDefinition","methodName":"invokeMethod","fileName":"AbstractGlueDefinition.java","lineNumber":47,"format":1},{"classLoaderName":"app","declaringClass":"io.cucumber.java.JavaStepDefinition","methodName":"execute","fileName":"JavaStepDefinition.java","lineNumber":29,"format":1},{"classLoaderName":"app","declaringClass":"io.cucumber.core.runner.CoreStepDefinition","methodName":"execute","fileName":"CoreStepDefinition.java","lineNumber":66,"format":1},{"classLoaderName":"app","declaringClass":"io.cucumber.core.runner.PickleStepDefinitionMatch","methodName":"runStep","fileName":"PickleStepDefinitionMatch.java","lineNumber":63,"format":1},{"classLoaderName":"app","declaringClass":"io.cucumber.core.runner.ExecutionMode$1","methodName":"execute","fileName":"ExecutionMode.java","lineNumber":10,"format":1},{"classLoaderName":"app","declaringClass":"io.cucumber.core.runner.TestStep","methodName":"executeStep","fileName":"TestStep.java","lineNumber":92,"format":1},{"classLoaderName":"app","declaringClass":"io.cucumber.core.runner.TestStep","methodName":"run","fileName":"TestStep.java","lineNumber":64,"format":1},{"classLoaderName":"app","declaringClass":"io.cucumber.core.runner.PickleStepTestStep","methodName":"run","fileName":"PickleStepTestStep.java","lineNumber":51,"format":1},{"classLoaderName":"app","declaringClass":"io.cucumber.core.runner.TestCase","methodName":"run","fileName":"TestCase.java","lineNumber":104,"format":1},{"classLoaderName":"app","declaringClass":"io.cucumber.core.runner.Runner","methodName":"runPickle","fileName":"Runner.java","lineNumber":71,"format":1},{"classLoaderName":"app","declaringClass":"io.cucumber.testng.TestNGCucumberRunner","methodName":"lambda$runScenario$0","fileName":"TestNGCucumberRunner.java","lineNumber":116,"format":1},{"classLoaderName":"app","declaringClass":"io.cucumber.core.runtime.CucumberExecutionContext","methodName":"runTestCase","fileName":"CucumberExecutionContext.java","lineNumber":117,"format":1},{"classLoaderName":"app","declaringClass":"io.cucumber.testng.TestNGCucumberRunner","methodName":"runScenario","fileName":"TestNGCucumberRunner.java","lineNumber":113,"format":1},{"classLoaderName":"app","declaringClass":"io.cucumber.testng.AbstractTestNGCucumberTests","methodName":"runScenario","fileName":"AbstractTestNGCucumberTests.java","lineNumber":31,"format":1},{"moduleName":"java.base","moduleVersion":"11.0.8","declaringClass":"jdk.internal.reflect.NativeMethodAccessorImpl","methodName":"invoke0","fileName":"NativeMethodAccessorImpl.java","lineNumber":-2,"format":2},{"moduleName":"java.base","moduleVersion":"11.0.8","declaringClass":"jdk.internal.reflect.NativeMethodAccessorImpl","methodName":"invoke","fileName":"NativeMethodAccessorImpl.java","lineNumber":62,"format":2},{"moduleName":"java.base","moduleVersion":"11.0.8","declaringClass":"jdk.internal.reflect.DelegatingMethodAccessorImpl","methodName":"invoke","fileName":"DelegatingMethodAccessorImpl.java","lineNumber":43,"format":2},{"moduleName":"java.base","moduleVersion":"11.0.8","declaringClass":"java.lang.reflect.Method","methodName":"invoke","fileName":"Method.java","lineNumber":566,"format":2},{"classLoaderName":"app","declaringClass":"org.testng.internal.MethodInvocationHelper","methodName":"invokeMethod","fileName":"MethodInvocationHelper.java","lineNumber":132,"format":1},{"classLoaderName":"app","declaringClass":"org.testng.internal.TestInvoker","methodName":"invokeMethod","fileName":"TestInvoker.java","lineNumber":599,"format":1},{"classLoaderName":"app","declaringClass":"org.testng.internal.TestInvoker","methodName":"invokeTestMethod","fileName":"TestInvoker.java","lineNumber":174,"format":1},{"classLoaderName":"app","declaringClass":"org.testng.internal.MethodRunner","methodName":"runInSequence","fileName":"MethodRunner.java","lineNumber":46,"format":1},{"classLoaderName":"app","declaringClass":"org.testng.internal.TestInvoker$MethodInvocationAgent","methodName":"invoke","fileName":"TestInvoker.java","lineNumber":822,"format":1},{"classLoaderName":"app","declaringClass":"org.testng.internal.TestInvoker","methodName":"invokeTestMethods","fileName":"TestInvoker.java","lineNumber":147,"format":1},{"classLoaderName":"app","declaringClass":"org.testng.internal.TestMethodWorker","methodName":"invokeTestMethods","fileName":"TestMethodWorker.java","lineNumber":146,"format":1},{"classLoaderName":"app","declaringClass":"org.testng.internal.TestMethodWorker","methodName":"run","fileName":"TestMethodWorker.java","lineNumber":128,"format":1},{"moduleName":"java.base","moduleVersion":"11.0.8","declaringClass":"java.util.ArrayList","methodName":"forEach","fileName":"ArrayList.java","lineNumber":1541,"format":2},{"classLoaderName":"app","declaringClass":"org.testng.TestRunner","methodName":"privateRun","fileName":"TestRunner.java","lineNumber":764,"format":1},{"classLoaderName":"app","declaringClass":"org.testng.TestRunner","methodName":"run","fileName":"TestRunner.java","lineNumber":585,"format":1},{"classLoaderName":"app","declaringClass":"org.testng.SuiteRunner","methodName":"runTest","fileName":"SuiteRunner.java","lineNumber":384,"format":1},{"classLoaderName":"app","declaringClass":"org.testng.SuiteRunner","methodName":"runSequentially","fileName":"SuiteRunner.java","lineNumber":378,"format":1},{"classLoaderName":"app","declaringClass":"org.testng.SuiteRunner","methodName":"privateRun","fileName":"SuiteRunner.java","lineNumber":337,"format":1},{"classLoaderName":"app","declaringClass":"org.testng.SuiteRunner","methodName":"run","fileName":"SuiteRunner.java","lineNumber":286,"format":1},{"classLoaderName":"app","declaringClass":"org.testng.SuiteRunnerWorker","methodName":"runSuite","fileName":"SuiteRunnerWorker.java","lineNumber":53,"format":1},{"classLoaderName":"app","declaringClass":"org.testng.SuiteRunnerWorker","methodName":"run","fileName":"SuiteRunnerWorker.java","lineNumber":96,"format":1},{"classLoaderName":"app","declaringClass":"org.testng.TestNG","methodName":"runSuitesSequentially","fileName":"TestNG.java","lineNumber":1218,"format":1},{"classLoaderName":"app","declaringClass":"org.testng.TestNG","methodName":"runSuitesLocally","fileName":"TestNG.java","lineNumber":1140,"format":1},{"classLoaderName":"app","declaringClass":"org.testng.TestNG","methodName":"runSuites","fileName":"TestNG.java","lineNumber":1069,"format":1},{"classLoaderName":"app","declaringClass":"org.testng.TestNG","methodName":"run","fileName":"TestNG.java","lineNumber":1037,"format":1},{"classLoaderName":"app","declaringClass":"org.testng.remote.AbstractRemoteTestNG","methodName":"run","fileName":"AbstractRemoteTestNG.java","lineNumber":115,"format":1},{"classLoaderName":"app","declaringClass":"org.testng.remote.RemoteTestNG","methodName":"initAndRun","fileName":"RemoteTestNG.java","lineNumber":251,"format":1},{"classLoaderName":"app","declaringClass":"org.testng.remote.RemoteTestNG","methodName":"main","fileName":"RemoteTestNG.java","lineNumber":77,"format":1}],"suppressedExceptions":[]},"stackTrace":[{"classLoaderName":"app","declaringClass":"org.openqa.selenium.support.ui.WebDriverWait","methodName":"timeoutException","fileName":"WebDriverWait.java","lineNumber":95,"format":1},{"classLoaderName":"app","declaringClass":"org.openqa.selenium.support.ui.FluentWait","methodName":"until","fileName":"FluentWait.java","lineNumber":272,"format":1},{"classLoaderName":"app","declaringClass":"com.ui.utils.SeleniumUtils","methodName":"waitForElement","fileName":"SeleniumUtils.java","lineNumber":20,"format":1},{"classLoaderName":"app","declaringClass":"com.ui.pages.LoginPage","methodName":"clickOnLogin","fileName":"LoginPage.java","lineNumber":33,"format":1},{"classLoaderName":"app","declaringClass":"com.ui.stepdefinitions.LoginPageSteps","methodName":"user_navigate_to_login_page","fileName":"LoginPageSteps.java","lineNumber":28,"format":1},{"declaringClass":"?","methodName":"User Navigate to Login Page","fileName":"file:///C:/Users/ramba/eclipse/AutomationManagement/src/test/resources/com/ui/features/Login.feature","lineNumber":10,"format":0}],"suppressedExceptions":[]},"stackTrace":"org.openqa.selenium.TimeoutException: Expected condition failed: waiting for visibility of element located by By.id: user_passwor (tried for 3 second(s) with 500 milliseconds interval)\r\n\tat org.openqa.selenium.support.ui.WebDriverWait.timeoutException(WebDriverWait.java:95)\r\n\tat org.openqa.selenium.support.ui.FluentWait.until(FluentWait.java:272)\r\n\tat com.ui.utils.SeleniumUtils.waitForElement(SeleniumUtils.java:20)\r\n\tat com.ui.pages.LoginPage.clickOnLogin(LoginPage.java:33)\r\n\tat com.ui.stepdefinitions.LoginPageSteps.user_navigate_to_login_page(LoginPageSteps.java:28)\r\n\tat ?.User Navigate to Login Page(file:///C:/Users/ramba/eclipse/AutomationManagement/src/test/resources/com/ui/features/Login.feature:10)\r\nCaused by: org.openqa.selenium.NoSuchElementException: no such element: Unable to locate element: {\"method\":\"css selector\",\"selector\":\"#user_passwor\"}\n  (Session info: chrome\u003d88.0.4324.150)\nFor documentation on this error, please visit: https://www.seleniumhq.org/exceptions/no_such_element.html\nBuild info: version: \u00273.141.59\u0027, revision: \u0027e82be7d358\u0027, time: \u00272018-11-14T08:17:03\u0027\nSystem info: host: \u0027DESKTOP-7N5R1H4\u0027, ip: \u0027192.168.0.198\u0027, os.name: \u0027Windows 10\u0027, os.arch: \u0027amd64\u0027, os.version: \u002710.0\u0027, java.version: \u002711.0.8\u0027\nDriver info: org.openqa.selenium.chrome.ChromeDriver\nCapabilities {acceptInsecureCerts: false, browserName: chrome, browserVersion: 88.0.4324.150, chrome: {chromedriverVersion: 87.0.4280.88 (89e2380a3e36c..., userDataDir: C:\\Users\\ramba\\AppData\\Loca...}, goog:chromeOptions: {debuggerAddress: localhost:65112}, javascriptEnabled: true, networkConnectionEnabled: false, pageLoadStrategy: normal, platform: WINDOWS, platformName: WINDOWS, proxy: Proxy(), setWindowRect: true, strictFileInteractability: false, timeouts: {implicit: 0, pageLoad: 300000, script: 30000}, unhandledPromptBehavior: dismiss and notify, webauthn:virtualAuthenticators: true}\nSession ID: 35ec48239ed12466a7b6465da6bba1d8\n*** Element info: {Using\u003did, value\u003duser_passwor}\r\n\tat java.base/jdk.internal.reflect.NativeConstructorAccessorImpl.newInstance0(Native Method)\r\n\tat java.base/jdk.internal.reflect.NativeConstructorAccessorImpl.newInstance(NativeConstructorAccessorImpl.java:62)\r\n\tat java.base/jdk.internal.reflect.DelegatingConstructorAccessorImpl.newInstance(DelegatingConstructorAccessorImpl.java:45)\r\n\tat java.base/java.lang.reflect.Constructor.newInstance(Constructor.java:490)\r\n\tat org.openqa.selenium.remote.http.W3CHttpResponseCodec.createException(W3CHttpResponseCodec.java:187)\r\n\tat org.openqa.selenium.remote.http.W3CHttpResponseCodec.decode(W3CHttpResponseCodec.java:122)\r\n\tat org.openqa.selenium.remote.http.W3CHttpResponseCodec.decode(W3CHttpResponseCodec.java:49)\r\n\tat org.openqa.selenium.remote.HttpCommandExecutor.execute(HttpCommandExecutor.java:158)\r\n\tat org.openqa.selenium.remote.service.DriverCommandExecutor.execute(DriverCommandExecutor.java:83)\r\n\tat org.openqa.selenium.remote.RemoteWebDriver.execute(RemoteWebDriver.java:552)\r\n\tat org.openqa.selenium.remote.RemoteWebDriver.findElement(RemoteWebDriver.java:323)\r\n\tat org.openqa.selenium.remote.RemoteWebDriver.findElementById(RemoteWebDriver.java:372)\r\n\tat org.openqa.selenium.By$ById.findElement(By.java:188)\r\n\tat org.openqa.selenium.remote.RemoteWebDriver.findElement(RemoteWebDriver.java:315)\r\n\tat org.openqa.selenium.support.ui.ExpectedConditions$7.apply(ExpectedConditions.java:205)\r\n\tat org.openqa.selenium.support.ui.ExpectedConditions$7.apply(ExpectedConditions.java:201)\r\n\tat org.openqa.selenium.support.ui.FluentWait.until(FluentWait.java:249)\r\n\tat com.ui.utils.SeleniumUtils.waitForElement(SeleniumUtils.java:20)\r\n\tat com.ui.pages.LoginPage.clickOnLogin(LoginPage.java:33)\r\n\tat com.ui.stepdefinitions.LoginPageSteps.user_navigate_to_login_page(LoginPageSteps.java:28)\r\n\tat java.base/jdk.internal.reflect.NativeMethodAccessorImpl.invoke0(Native Method)\r\n\tat java.base/jdk.internal.reflect.NativeMethodAccessorImpl.invoke(NativeMethodAccessorImpl.java:62)\r\n\tat java.base/jdk.internal.reflect.DelegatingMethodAccessorImpl.invoke(DelegatingMethodAccessorImpl.java:43)\r\n\tat java.base/java.lang.reflect.Method.invoke(Method.java:566)\r\n\tat io.cucumber.java.Invoker.doInvoke(Invoker.java:66)\r\n\tat io.cucumber.java.Invoker.invoke(Invoker.java:24)\r\n\tat io.cucumber.java.AbstractGlueDefinition.invokeMethod(AbstractGlueDefinition.java:47)\r\n\tat io.cucumber.java.JavaStepDefinition.execute(JavaStepDefinition.java:29)\r\n\tat io.cucumber.core.runner.CoreStepDefinition.execute(CoreStepDefinition.java:66)\r\n\tat io.cucumber.core.runner.PickleStepDefinitionMatch.runStep(PickleStepDefinitionMatch.java:63)\r\n\tat io.cucumber.core.runner.ExecutionMode$1.execute(ExecutionMode.java:10)\r\n\tat io.cucumber.core.runner.TestStep.executeStep(TestStep.java:92)\r\n\tat io.cucumber.core.runner.TestStep.run(TestStep.java:64)\r\n\tat io.cucumber.core.runner.PickleStepTestStep.run(PickleStepTestStep.java:51)\r\n\tat io.cucumber.core.runner.TestCase.run(TestCase.java:104)\r\n\tat io.cucumber.core.runner.Runner.runPickle(Runner.java:71)\r\n\tat io.cucumber.testng.TestNGCucumberRunner.lambda$runScenario$0(TestNGCucumberRunner.java:116)\r\n\tat io.cucumber.core.runtime.CucumberExecutionContext.runTestCase(CucumberExecutionContext.java:117)\r\n\tat io.cucumber.testng.TestNGCucumberRunner.runScenario(TestNGCucumberRunner.java:113)\r\n\tat io.cucumber.testng.AbstractTestNGCucumberTests.runScenario(AbstractTestNGCucumberTests.java:31)\r\n\tat java.base/jdk.internal.reflect.NativeMethodAccessorImpl.invoke0(Native Method)\r\n\tat java.base/jdk.internal.reflect.NativeMethodAccessorImpl.invoke(NativeMethodAccessorImpl.java:62)\r\n\tat java.base/jdk.internal.reflect.DelegatingMethodAccessorImpl.invoke(DelegatingMethodAccessorImpl.java:43)\r\n\tat java.base/java.lang.reflect.Method.invoke(Method.java:566)\r\n\tat org.testng.internal.MethodInvocationHelper.invokeMethod(MethodInvocationHelper.java:132)\r\n\tat org.testng.internal.TestInvoker.invokeMethod(TestInvoker.java:599)\r\n\tat org.testng.internal.TestInvoker.invokeTestMethod(TestInvoker.java:174)\r\n\tat org.testng.internal.MethodRunner.runInSequence(MethodRunner.java:46)\r\n\tat org.testng.internal.TestInvoker$MethodInvocationAgent.invoke(TestInvoker.java:822)\r\n\tat org.testng.internal.TestInvoker.invokeTestMethods(TestInvoker.java:147)\r\n\tat org.testng.internal.TestMethodWorker.invokeTestMethods(TestMethodWorker.java:146)\r\n\tat org.testng.internal.TestMethodWorker.run(TestMethodWorker.java:128)\r\n\tat java.base/java.util.ArrayList.forEach(ArrayList.java:1541)\r\n\tat org.testng.TestRunner.privateRun(TestRunner.java:764)\r\n\tat org.testng.TestRunner.run(TestRunner.java:585)\r\n\tat org.testng.SuiteRunner.runTest(SuiteRunner.java:384)\r\n\tat org.testng.SuiteRunner.runSequentially(SuiteRunner.java:378)\r\n\tat org.testng.SuiteRunner.privateRun(SuiteRunner.java:337)\r\n\tat org.testng.SuiteRunner.run(SuiteRunner.java:286)\r\n\tat org.testng.SuiteRunnerWorker.runSuite(SuiteRunnerWorker.java:53)\r\n\tat org.testng.SuiteRunnerWorker.run(SuiteRunnerWorker.java:96)\r\n\tat org.testng.TestNG.runSuitesSequentially(TestNG.java:1218)\r\n\tat org.testng.TestNG.runSuitesLocally(TestNG.java:1140)\r\n\tat org.testng.TestNG.runSuites(TestNG.java:1069)\r\n\tat org.testng.TestNG.run(TestNG.java:1037)\r\n\tat org.testng.remote.AbstractRemoteTestNG.run(AbstractRemoteTestNG.java:115)\r\n\tat org.testng.remote.RemoteTestNG.initAndRun(RemoteTestNG.java:251)\r\n\tat org.testng.remote.RemoteTestNG.main(RemoteTestNG.java:77)\r\n","name":"org.openqa.selenium.TimeoutException"}}],"media":[],"exceptions":[{"exception":{"extraInfo":{"Driver info":"org.openqa.selenium.chrome.ChromeDriver","Capabilities":"Capabilities {acceptInsecureCerts: false, browserName: chrome, browserVersion: 88.0.4324.150, chrome: {chromedriverVersion: 87.0.4280.88 (89e2380a3e36c..., userDataDir: C:\\Users\\ramba\\AppData\\Loca...}, goog:chromeOptions: {debuggerAddress: localhost:65112}, javascriptEnabled: true, networkConnectionEnabled: false, pageLoadStrategy: normal, platform: WINDOWS, platformName: WINDOWS, proxy: Proxy(), setWindowRect: true, strictFileInteractability: false, timeouts: {implicit: 0, pageLoad: 300000, script: 30000}, unhandledPromptBehavior: dismiss and notify, webauthn:virtualAuthenticators: true}","Session ID":"35ec48239ed12466a7b6465da6bba1d8"},"detailMessage":"Expected condition failed: waiting for visibility of element located by By.id: user_passwor (tried for 3 second(s) with 500 milliseconds interval)","cause":{"extraInfo":{"Driver info":"org.openqa.selenium.chrome.ChromeDriver","Capabilities":"Capabilities {acceptInsecureCerts: false, browserName: chrome, browserVersion: 88.0.4324.150, chrome: {chromedriverVersion: 87.0.4280.88 (89e2380a3e36c..., userDataDir: C:\\Users\\ramba\\AppData\\Loca...}, goog:chromeOptions: {debuggerAddress: localhost:65112}, javascriptEnabled: true, networkConnectionEnabled: false, pageLoadStrategy: normal, platform: WINDOWS, platformName: WINDOWS, proxy: Proxy(), setWindowRect: true, strictFileInteractability: false, timeouts: {implicit: 0, pageLoad: 300000, script: 30000}, unhandledPromptBehavior: dismiss and notify, webauthn:virtualAuthenticators: true}","Session ID":"35ec48239ed12466a7b6465da6bba1d8","*** Element info":"{Using\u003did, value\u003duser_passwor}"},"detailMessage":"no such element: Unable to locate element: {\"method\":\"css selector\",\"selector\":\"#user_passwor\"}\n  (Session info: chrome\u003d88.0.4324.150)","stackTrace":[{"moduleName":"java.base","moduleVersion":"11.0.8","declaringClass":"jdk.internal.reflect.NativeConstructorAccessorImpl","methodName":"newInstance0","fileName":"NativeConstructorAccessorImpl.java","lineNumber":-2,"format":2},{"moduleName":"java.base","moduleVersion":"11.0.8","declaringClass":"jdk.internal.reflect.NativeConstructorAccessorImpl","methodName":"newInstance","fileName":"NativeConstructorAccessorImpl.java","lineNumber":62,"format":2},{"moduleName":"java.base","moduleVersion":"11.0.8","declaringClass":"jdk.internal.reflect.DelegatingConstructorAccessorImpl","methodName":"newInstance","fileName":"DelegatingConstructorAccessorImpl.java","lineNumber":45,"format":2},{"moduleName":"java.base","moduleVersion":"11.0.8","declaringClass":"java.lang.reflect.Constructor","methodName":"newInstance","fileName":"Constructor.java","lineNumber":490,"format":2},{"classLoaderName":"app","declaringClass":"org.openqa.selenium.remote.http.W3CHttpResponseCodec","methodName":"createException","fileName":"W3CHttpResponseCodec.java","lineNumber":187,"format":1},{"classLoaderName":"app","declaringClass":"org.openqa.selenium.remote.http.W3CHttpResponseCodec","methodName":"decode","fileName":"W3CHttpResponseCodec.java","lineNumber":122,"format":1},{"classLoaderName":"app","declaringClass":"org.openqa.selenium.remote.http.W3CHttpResponseCodec","methodName":"decode","fileName":"W3CHttpResponseCodec.java","lineNumber":49,"format":1},{"classLoaderName":"app","declaringClass":"org.openqa.selenium.remote.HttpCommandExecutor","methodName":"execute","fileName":"HttpCommandExecutor.java","lineNumber":158,"format":1},{"classLoaderName":"app","declaringClass":"org.openqa.selenium.remote.service.DriverCommandExecutor","methodName":"execute","fileName":"DriverCommandExecutor.java","lineNumber":83,"format":1},{"classLoaderName":"app","declaringClass":"org.openqa.selenium.remote.RemoteWebDriver","methodName":"execute","fileName":"RemoteWebDriver.java","lineNumber":552,"format":1},{"classLoaderName":"app","declaringClass":"org.openqa.selenium.remote.RemoteWebDriver","methodName":"findElement","fileName":"RemoteWebDriver.java","lineNumber":323,"format":1},{"classLoaderName":"app","declaringClass":"org.openqa.selenium.remote.RemoteWebDriver","methodName":"findElementById","fileName":"RemoteWebDriver.java","lineNumber":372,"format":1},{"classLoaderName":"app","declaringClass":"org.openqa.selenium.By$ById","methodName":"findElement","fileName":"By.java","lineNumber":188,"format":1},{"classLoaderName":"app","declaringClass":"org.openqa.selenium.remote.RemoteWebDriver","methodName":"findElement","fileName":"RemoteWebDriver.java","lineNumber":315,"format":1},{"classLoaderName":"app","declaringClass":"org.openqa.selenium.support.ui.ExpectedConditions$7","methodName":"apply","fileName":"ExpectedConditions.java","lineNumber":205,"format":1},{"classLoaderName":"app","declaringClass":"org.openqa.selenium.support.ui.ExpectedConditions$7","methodName":"apply","fileName":"ExpectedConditions.java","lineNumber":201,"format":1},{"classLoaderName":"app","declaringClass":"org.openqa.selenium.support.ui.FluentWait","methodName":"until","fileName":"FluentWait.java","lineNumber":249,"format":1},{"classLoaderName":"app","declaringClass":"com.ui.utils.SeleniumUtils","methodName":"waitForElement","fileName":"SeleniumUtils.java","lineNumber":20,"format":1},{"classLoaderName":"app","declaringClass":"com.ui.pages.LoginPage","methodName":"clickOnLogin","fileName":"LoginPage.java","lineNumber":33,"format":1},{"classLoaderName":"app","declaringClass":"com.ui.stepdefinitions.LoginPageSteps","methodName":"user_navigate_to_login_page","fileName":"LoginPageSteps.java","lineNumber":28,"format":1},{"moduleName":"java.base","moduleVersion":"11.0.8","declaringClass":"jdk.internal.reflect.NativeMethodAccessorImpl","methodName":"invoke0","fileName":"NativeMethodAccessorImpl.java","lineNumber":-2,"format":2},{"moduleName":"java.base","moduleVersion":"11.0.8","declaringClass":"jdk.internal.reflect.NativeMethodAccessorImpl","methodName":"invoke","fileName":"NativeMethodAccessorImpl.java","lineNumber":62,"format":2},{"moduleName":"java.base","moduleVersion":"11.0.8","declaringClass":"jdk.internal.reflect.DelegatingMethodAccessorImpl","methodName":"invoke","fileName":"DelegatingMethodAccessorImpl.java","lineNumber":43,"format":2},{"moduleName":"java.base","moduleVersion":"11.0.8","declaringClass":"java.lang.reflect.Method","methodName":"invoke","fileName":"Method.java","lineNumber":566,"format":2},{"classLoaderName":"app","declaringClass":"io.cucumber.java.Invoker","methodName":"doInvoke","fileName":"Invoker.java","lineNumber":66,"format":1},{"classLoaderName":"app","declaringClass":"io.cucumber.java.Invoker","methodName":"invoke","fileName":"Invoker.java","lineNumber":24,"format":1},{"classLoaderName":"app","declaringClass":"io.cucumber.java.AbstractGlueDefinition","methodName":"invokeMethod","fileName":"AbstractGlueDefinition.java","lineNumber":47,"format":1},{"classLoaderName":"app","declaringClass":"io.cucumber.java.JavaStepDefinition","methodName":"execute","fileName":"JavaStepDefinition.java","lineNumber":29,"format":1},{"classLoaderName":"app","declaringClass":"io.cucumber.core.runner.CoreStepDefinition","methodName":"execute","fileName":"CoreStepDefinition.java","lineNumber":66,"format":1},{"classLoaderName":"app","declaringClass":"io.cucumber.core.runner.PickleStepDefinitionMatch","methodName":"runStep","fileName":"PickleStepDefinitionMatch.java","lineNumber":63,"format":1},{"classLoaderName":"app","declaringClass":"io.cucumber.core.runner.ExecutionMode$1","methodName":"execute","fileName":"ExecutionMode.java","lineNumber":10,"format":1},{"classLoaderName":"app","declaringClass":"io.cucumber.core.runner.TestStep","methodName":"executeStep","fileName":"TestStep.java","lineNumber":92,"format":1},{"classLoaderName":"app","declaringClass":"io.cucumber.core.runner.TestStep","methodName":"run","fileName":"TestStep.java","lineNumber":64,"format":1},{"classLoaderName":"app","declaringClass":"io.cucumber.core.runner.PickleStepTestStep","methodName":"run","fileName":"PickleStepTestStep.java","lineNumber":51,"format":1},{"classLoaderName":"app","declaringClass":"io.cucumber.core.runner.TestCase","methodName":"run","fileName":"TestCase.java","lineNumber":104,"format":1},{"classLoaderName":"app","declaringClass":"io.cucumber.core.runner.Runner","methodName":"runPickle","fileName":"Runner.java","lineNumber":71,"format":1},{"classLoaderName":"app","declaringClass":"io.cucumber.testng.TestNGCucumberRunner","methodName":"lambda$runScenario$0","fileName":"TestNGCucumberRunner.java","lineNumber":116,"format":1},{"classLoaderName":"app","declaringClass":"io.cucumber.core.runtime.CucumberExecutionContext","methodName":"runTestCase","fileName":"CucumberExecutionContext.java","lineNumber":117,"format":1},{"classLoaderName":"app","declaringClass":"io.cucumber.testng.TestNGCucumberRunner","methodName":"runScenario","fileName":"TestNGCucumberRunner.java","lineNumber":113,"format":1},{"classLoaderName":"app","declaringClass":"io.cucumber.testng.AbstractTestNGCucumberTests","methodName":"runScenario","fileName":"AbstractTestNGCucumberTests.java","lineNumber":31,"format":1},{"moduleName":"java.base","moduleVersion":"11.0.8","declaringClass":"jdk.internal.reflect.NativeMethodAccessorImpl","methodName":"invoke0","fileName":"NativeMethodAccessorImpl.java","lineNumber":-2,"format":2},{"moduleName":"java.base","moduleVersion":"11.0.8","declaringClass":"jdk.internal.reflect.NativeMethodAccessorImpl","methodName":"invoke","fileName":"NativeMethodAccessorImpl.java","lineNumber":62,"format":2},{"moduleName":"java.base","moduleVersion":"11.0.8","declaringClass":"jdk.internal.reflect.DelegatingMethodAccessorImpl","methodName":"invoke","fileName":"DelegatingMethodAccessorImpl.java","lineNumber":43,"format":2},{"moduleName":"java.base","moduleVersion":"11.0.8","declaringClass":"java.lang.reflect.Method","methodName":"invoke","fileName":"Method.java","lineNumber":566,"format":2},{"classLoaderName":"app","declaringClass":"org.testng.internal.MethodInvocationHelper","methodName":"invokeMethod","fileName":"MethodInvocationHelper.java","lineNumber":132,"format":1},{"classLoaderName":"app","declaringClass":"org.testng.internal.TestInvoker","methodName":"invokeMethod","fileName":"TestInvoker.java","lineNumber":599,"format":1},{"classLoaderName":"app","declaringClass":"org.testng.internal.TestInvoker","methodName":"invokeTestMethod","fileName":"TestInvoker.java","lineNumber":174,"format":1},{"classLoaderName":"app","declaringClass":"org.testng.internal.MethodRunner","methodName":"runInSequence","fileName":"MethodRunner.java","lineNumber":46,"format":1},{"classLoaderName":"app","declaringClass":"org.testng.internal.TestInvoker$MethodInvocationAgent","methodName":"invoke","fileName":"TestInvoker.java","lineNumber":822,"format":1},{"classLoaderName":"app","declaringClass":"org.testng.internal.TestInvoker","methodName":"invokeTestMethods","fileName":"TestInvoker.java","lineNumber":147,"format":1},{"classLoaderName":"app","declaringClass":"org.testng.internal.TestMethodWorker","methodName":"invokeTestMethods","fileName":"TestMethodWorker.java","lineNumber":146,"format":1},{"classLoaderName":"app","declaringClass":"org.testng.internal.TestMethodWorker","methodName":"run","fileName":"TestMethodWorker.java","lineNumber":128,"format":1},{"moduleName":"java.base","moduleVersion":"11.0.8","declaringClass":"java.util.ArrayList","methodName":"forEach","fileName":"ArrayList.java","lineNumber":1541,"format":2},{"classLoaderName":"app","declaringClass":"org.testng.TestRunner","methodName":"privateRun","fileName":"TestRunner.java","lineNumber":764,"format":1},{"classLoaderName":"app","declaringClass":"org.testng.TestRunner","methodName":"run","fileName":"TestRunner.java","lineNumber":585,"format":1},{"classLoaderName":"app","declaringClass":"org.testng.SuiteRunner","methodName":"runTest","fileName":"SuiteRunner.java","lineNumber":384,"format":1},{"classLoaderName":"app","declaringClass":"org.testng.SuiteRunner","methodName":"runSequentially","fileName":"SuiteRunner.java","lineNumber":378,"format":1},{"classLoaderName":"app","declaringClass":"org.testng.SuiteRunner","methodName":"privateRun","fileName":"SuiteRunner.java","lineNumber":337,"format":1},{"classLoaderName":"app","declaringClass":"org.testng.SuiteRunner","methodName":"run","fileName":"SuiteRunner.java","lineNumber":286,"format":1},{"classLoaderName":"app","declaringClass":"org.testng.SuiteRunnerWorker","methodName":"runSuite","fileName":"SuiteRunnerWorker.java","lineNumber":53,"format":1},{"classLoaderName":"app","declaringClass":"org.testng.SuiteRunnerWorker","methodName":"run","fileName":"SuiteRunnerWorker.java","lineNumber":96,"format":1},{"classLoaderName":"app","declaringClass":"org.testng.TestNG","methodName":"runSuitesSequentially","fileName":"TestNG.java","lineNumber":1218,"format":1},{"classLoaderName":"app","declaringClass":"org.testng.TestNG","methodName":"runSuitesLocally","fileName":"TestNG.java","lineNumber":1140,"format":1},{"classLoaderName":"app","declaringClass":"org.testng.TestNG","methodName":"runSuites","fileName":"TestNG.java","lineNumber":1069,"format":1},{"classLoaderName":"app","declaringClass":"org.testng.TestNG","methodName":"run","fileName":"TestNG.java","lineNumber":1037,"format":1},{"classLoaderName":"app","declaringClass":"org.testng.remote.AbstractRemoteTestNG","methodName":"run","fileName":"AbstractRemoteTestNG.java","lineNumber":115,"format":1},{"classLoaderName":"app","declaringClass":"org.testng.remote.RemoteTestNG","methodName":"initAndRun","fileName":"RemoteTestNG.java","lineNumber":251,"format":1},{"classLoaderName":"app","declaringClass":"org.testng.remote.RemoteTestNG","methodName":"main","fileName":"RemoteTestNG.java","lineNumber":77,"format":1}],"suppressedExceptions":[]},"stackTrace":[{"classLoaderName":"app","declaringClass":"org.openqa.selenium.support.ui.WebDriverWait","methodName":"timeoutException","fileName":"WebDriverWait.java","lineNumber":95,"format":1},{"classLoaderName":"app","declaringClass":"org.openqa.selenium.support.ui.FluentWait","methodName":"until","fileName":"FluentWait.java","lineNumber":272,"format":1},{"classLoaderName":"app","declaringClass":"com.ui.utils.SeleniumUtils","methodName":"waitForElement","fileName":"SeleniumUtils.java","lineNumber":20,"format":1},{"classLoaderName":"app","declaringClass":"com.ui.pages.LoginPage","methodName":"clickOnLogin","fileName":"LoginPage.java","lineNumber":33,"format":1},{"classLoaderName":"app","declaringClass":"com.ui.stepdefinitions.LoginPageSteps","methodName":"user_navigate_to_login_page","fileName":"LoginPageSteps.java","lineNumber":28,"format":1},{"declaringClass":"?","methodName":"User Navigate to Login Page","fileName":"file:///C:/Users/ramba/eclipse/AutomationManagement/src/test/resources/com/ui/features/Login.feature","lineNumber":10,"format":0}],"suppressedExceptions":[]},"stackTrace":"org.openqa.selenium.TimeoutException: Expected condition failed: waiting for visibility of element located by By.id: user_passwor (tried for 3 second(s) with 500 milliseconds interval)\r\n\tat org.openqa.selenium.support.ui.WebDriverWait.timeoutException(WebDriverWait.java:95)\r\n\tat org.openqa.selenium.support.ui.FluentWait.until(FluentWait.java:272)\r\n\tat com.ui.utils.SeleniumUtils.waitForElement(SeleniumUtils.java:20)\r\n\tat com.ui.pages.LoginPage.clickOnLogin(LoginPage.java:33)\r\n\tat com.ui.stepdefinitions.LoginPageSteps.user_navigate_to_login_page(LoginPageSteps.java:28)\r\n\tat ?.User Navigate to Login Page(file:///C:/Users/ramba/eclipse/AutomationManagement/src/test/resources/com/ui/features/Login.feature:10)\r\nCaused by: org.openqa.selenium.NoSuchElementException: no such element: Unable to locate element: {\"method\":\"css selector\",\"selector\":\"#user_passwor\"}\n  (Session info: chrome\u003d88.0.4324.150)\nFor documentation on this error, please visit: https://www.seleniumhq.org/exceptions/no_such_element.html\nBuild info: version: \u00273.141.59\u0027, revision: \u0027e82be7d358\u0027, time: \u00272018-11-14T08:17:03\u0027\nSystem info: host: \u0027DESKTOP-7N5R1H4\u0027, ip: \u0027192.168.0.198\u0027, os.name: \u0027Windows 10\u0027, os.arch: \u0027amd64\u0027, os.version: \u002710.0\u0027, java.version: \u002711.0.8\u0027\nDriver info: org.openqa.selenium.chrome.ChromeDriver\nCapabilities {acceptInsecureCerts: false, browserName: chrome, browserVersion: 88.0.4324.150, chrome: {chromedriverVersion: 87.0.4280.88 (89e2380a3e36c..., userDataDir: C:\\Users\\ramba\\AppData\\Loca...}, goog:chromeOptions: {debuggerAddress: localhost:65112}, javascriptEnabled: true, networkConnectionEnabled: false, pageLoadStrategy: normal, platform: WINDOWS, platformName: WINDOWS, proxy: Proxy(), setWindowRect: true, strictFileInteractability: false, timeouts: {implicit: 0, pageLoad: 300000, script: 30000}, unhandledPromptBehavior: dismiss and notify, webauthn:virtualAuthenticators: true}\nSession ID: 35ec48239ed12466a7b6465da6bba1d8\n*** Element info: {Using\u003did, value\u003duser_passwor}\r\n\tat java.base/jdk.internal.reflect.NativeConstructorAccessorImpl.newInstance0(Native Method)\r\n\tat java.base/jdk.internal.reflect.NativeConstructorAccessorImpl.newInstance(NativeConstructorAccessorImpl.java:62)\r\n\tat java.base/jdk.internal.reflect.DelegatingConstructorAccessorImpl.newInstance(DelegatingConstructorAccessorImpl.java:45)\r\n\tat java.base/java.lang.reflect.Constructor.newInstance(Constructor.java:490)\r\n\tat org.openqa.selenium.remote.http.W3CHttpResponseCodec.createException(W3CHttpResponseCodec.java:187)\r\n\tat org.openqa.selenium.remote.http.W3CHttpResponseCodec.decode(W3CHttpResponseCodec.java:122)\r\n\tat org.openqa.selenium.remote.http.W3CHttpResponseCodec.decode(W3CHttpResponseCodec.java:49)\r\n\tat org.openqa.selenium.remote.HttpCommandExecutor.execute(HttpCommandExecutor.java:158)\r\n\tat org.openqa.selenium.remote.service.DriverCommandExecutor.execute(DriverCommandExecutor.java:83)\r\n\tat org.openqa.selenium.remote.RemoteWebDriver.execute(RemoteWebDriver.java:552)\r\n\tat org.openqa.selenium.remote.RemoteWebDriver.findElement(RemoteWebDriver.java:323)\r\n\tat org.openqa.selenium.remote.RemoteWebDriver.findElementById(RemoteWebDriver.java:372)\r\n\tat org.openqa.selenium.By$ById.findElement(By.java:188)\r\n\tat org.openqa.selenium.remote.RemoteWebDriver.findElement(RemoteWebDriver.java:315)\r\n\tat org.openqa.selenium.support.ui.ExpectedConditions$7.apply(ExpectedConditions.java:205)\r\n\tat org.openqa.selenium.support.ui.ExpectedConditions$7.apply(ExpectedConditions.java:201)\r\n\tat org.openqa.selenium.support.ui.FluentWait.until(FluentWait.java:249)\r\n\tat com.ui.utils.SeleniumUtils.waitForElement(SeleniumUtils.java:20)\r\n\tat com.ui.pages.LoginPage.clickOnLogin(LoginPage.java:33)\r\n\tat com.ui.stepdefinitions.LoginPageSteps.user_navigate_to_login_page(LoginPageSteps.java:28)\r\n\tat java.base/jdk.internal.reflect.NativeMethodAccessorImpl.invoke0(Native Method)\r\n\tat java.base/jdk.internal.reflect.NativeMethodAccessorImpl.invoke(NativeMethodAccessorImpl.java:62)\r\n\tat java.base/jdk.internal.reflect.DelegatingMethodAccessorImpl.invoke(DelegatingMethodAccessorImpl.java:43)\r\n\tat java.base/java.lang.reflect.Method.invoke(Method.java:566)\r\n\tat io.cucumber.java.Invoker.doInvoke(Invoker.java:66)\r\n\tat io.cucumber.java.Invoker.invoke(Invoker.java:24)\r\n\tat io.cucumber.java.AbstractGlueDefinition.invokeMethod(AbstractGlueDefinition.java:47)\r\n\tat io.cucumber.java.JavaStepDefinition.execute(JavaStepDefinition.java:29)\r\n\tat io.cucumber.core.runner.CoreStepDefinition.execute(CoreStepDefinition.java:66)\r\n\tat io.cucumber.core.runner.PickleStepDefinitionMatch.runStep(PickleStepDefinitionMatch.java:63)\r\n\tat io.cucumber.core.runner.ExecutionMode$1.execute(ExecutionMode.java:10)\r\n\tat io.cucumber.core.runner.TestStep.executeStep(TestStep.java:92)\r\n\tat io.cucumber.core.runner.TestStep.run(TestStep.java:64)\r\n\tat io.cucumber.core.runner.PickleStepTestStep.run(PickleStepTestStep.java:51)\r\n\tat io.cucumber.core.runner.TestCase.run(TestCase.java:104)\r\n\tat io.cucumber.core.runner.Runner.runPickle(Runner.java:71)\r\n\tat io.cucumber.testng.TestNGCucumberRunner.lambda$runScenario$0(TestNGCucumberRunner.java:116)\r\n\tat io.cucumber.core.runtime.CucumberExecutionContext.runTestCase(CucumberExecutionContext.java:117)\r\n\tat io.cucumber.testng.TestNGCucumberRunner.runScenario(TestNGCucumberRunner.java:113)\r\n\tat io.cucumber.testng.AbstractTestNGCucumberTests.runScenario(AbstractTestNGCucumberTests.java:31)\r\n\tat java.base/jdk.internal.reflect.NativeMethodAccessorImpl.invoke0(Native Method)\r\n\tat java.base/jdk.internal.reflect.NativeMethodAccessorImpl.invoke(NativeMethodAccessorImpl.java:62)\r\n\tat java.base/jdk.internal.reflect.DelegatingMethodAccessorImpl.invoke(DelegatingMethodAccessorImpl.java:43)\r\n\tat java.base/java.lang.reflect.Method.invoke(Method.java:566)\r\n\tat org.testng.internal.MethodInvocationHelper.invokeMethod(MethodInvocationHelper.java:132)\r\n\tat org.testng.internal.TestInvoker.invokeMethod(TestInvoker.java:599)\r\n\tat org.testng.internal.TestInvoker.invokeTestMethod(TestInvoker.java:174)\r\n\tat org.testng.internal.MethodRunner.runInSequence(MethodRunner.java:46)\r\n\tat org.testng.internal.TestInvoker$MethodInvocationAgent.invoke(TestInvoker.java:822)\r\n\tat org.testng.internal.TestInvoker.invokeTestMethods(TestInvoker.java:147)\r\n\tat org.testng.internal.TestMethodWorker.invokeTestMethods(TestMethodWorker.java:146)\r\n\tat org.testng.internal.TestMethodWorker.run(TestMethodWorker.java:128)\r\n\tat java.base/java.util.ArrayList.forEach(ArrayList.java:1541)\r\n\tat org.testng.TestRunner.privateRun(TestRunner.java:764)\r\n\tat org.testng.TestRunner.run(TestRunner.java:585)\r\n\tat org.testng.SuiteRunner.runTest(SuiteRunner.java:384)\r\n\tat org.testng.SuiteRunner.runSequentially(SuiteRunner.java:378)\r\n\tat org.testng.SuiteRunner.privateRun(SuiteRunner.java:337)\r\n\tat org.testng.SuiteRunner.run(SuiteRunner.java:286)\r\n\tat org.testng.SuiteRunnerWorker.runSuite(SuiteRunnerWorker.java:53)\r\n\tat org.testng.SuiteRunnerWorker.run(SuiteRunnerWorker.java:96)\r\n\tat org.testng.TestNG.runSuitesSequentially(TestNG.java:1218)\r\n\tat org.testng.TestNG.runSuitesLocally(TestNG.java:1140)\r\n\tat org.testng.TestNG.runSuites(TestNG.java:1069)\r\n\tat org.testng.TestNG.run(TestNG.java:1037)\r\n\tat org.testng.remote.AbstractRemoteTestNG.run(AbstractRemoteTestNG.java:115)\r\n\tat org.testng.remote.RemoteTestNG.initAndRun(RemoteTestNG.java:251)\r\n\tat org.testng.remote.RemoteTestNG.main(RemoteTestNG.java:77)\r\n","name":"org.openqa.selenium.TimeoutException"}],"authorSet":[],"categorySet":[],"deviceSet":[],"generatedLog":[]},{"useNaturalConf":true,"startTime":"Feb 11, 2021, 12:10:29 PM","endTime":"Feb 11, 2021, 12:10:29 PM","status":"SKIP","level":2,"isLeaf":true,"name":"And User enters \"test@email.com\" and \"abc\"","description":"com.ui.stepdefinitions.LoginPageSteps.user_enters_and(java.lang.String,java.lang.String)","bddType":"com.aventstack.extentreports.gherkin.model.And","infoMap":{},"children":[],"logs":[{"timestamp":"Feb 11, 2021, 12:10:29 PM","status":"SKIP","details":"Step skipped","seq":0,"infoMap":{}}],"media":[],"exceptions":[],"authorSet":[],"categorySet":[],"deviceSet":[],"generatedLog":[]}],"logs":[],"media":[],"exceptions":[],"authorSet":[],"categorySet":[],"deviceSet":[],"generatedLog":[]}],"logs":[],"media":[],"exceptions":[],"authorSet":[],"categorySet":[],"deviceSet":[],"generatedLog":[]}]